2024-02-28 18:32:08,615 [INFO] Activator:176 - 


2024-02-28 18:32:08,618 [INFO] Activator:177 - !SESSION log4j initialized
2024-02-28 18:32:11,794 [INFO] LogOutputStream:77 - [STDOUT_REDIRECT] 
2024-02-28 18:32:18,337 [INFO] ApplicationProperties:184 - Using Application install path: C:\ST\STM32CubeIDE_1.14.1\STM32CubeIDE\plugins\com.st.stm32cube.common.mx_6.10.0.202311202037
2024-02-28 18:32:18,362 [INFO] DbMcusXml:78 - Set database path to: C:\ST\STM32CubeIDE_1.14.1\STM32CubeIDE\plugins\com.st.stm32cube.common.mx_6.10.0.202311202037\\db\/mcu/
2024-02-28 18:32:18,362 [INFO] ApiDb:274 - Set plugin database path to: C:\ST\STM32CubeIDE_1.14.1\STM32CubeIDE\plugins\com.st.stm32cube.common.mx_6.10.0.202311202037\\db\/plugins/boardmanager/
2024-02-28 18:32:18,362 [WARN] ApiDb:259 - Overriding images path with different value:  => C:\ST\STM32CubeIDE_1.14.1\STM32CubeIDE\plugins\com.st.stm32cube.common.mx_6.10.0.202311202037\\db\/plugins/mcufinder/images/
2024-02-28 18:32:18,372 [INFO] ApiDb:250 - Set database path to: C:\Users\a4211\.stmcufinder\plugins\mcufinder//mcu/
2024-02-28 18:32:18,373 [INFO] DbMcusAds:125 - Set database path to: C:\Users\a4211\.stmcufinder\plugins\mcufinder//mcu/
2024-02-28 18:32:18,376 [INFO] CrossReferenceDbSqlite:203 - Set database path to: C:\Users\a4211\.stmcufinder\plugins\mcufinder//mcu/cs/
2024-02-28 18:32:18,498 [INFO] RulesReader:64 - Compatibility file has been processed (297 Rules)
2024-02-28 18:32:18,601 [INFO] DbMcusXml:78 - Set database path to: C:\ST\STM32CubeIDE_1.14.1\STM32CubeIDE\plugins\com.st.stm32cube.common.mx_6.10.0.202311202037\\db\/mcu/
2024-02-28 18:32:18,601 [INFO] ApiDb:274 - Set plugin database path to: C:\ST\STM32CubeIDE_1.14.1\STM32CubeIDE\plugins\com.st.stm32cube.common.mx_6.10.0.202311202037\\db\/plugins/boardmanager/
2024-02-28 18:32:18,601 [INFO] ApiDb:261 - Set plugin images path to: C:\ST\STM32CubeIDE_1.14.1\STM32CubeIDE\plugins\com.st.stm32cube.common.mx_6.10.0.202311202037\\db\/plugins/mcufinder/images/
2024-02-28 18:32:18,601 [WARN] DbFile:41 - Overriding database path with different value: C:\Users\a4211\.stmcufinder\plugins\mcufinder/ => C:\Users\a4211\.stmcufinder\plugins\mcufinder
2024-02-28 18:32:18,601 [INFO] ApiDb:250 - Set database path to: C:\Users\a4211\.stmcufinder\plugins\mcufinder//mcu/
2024-02-28 18:32:18,601 [WARN] DbFile:41 - Overriding database path with different value: C:\Users\a4211\.stmcufinder\plugins\mcufinder/ => C:\Users\a4211\.stmcufinder\plugins\mcufinder
2024-02-28 18:32:18,601 [INFO] DbMcusAds:125 - Set database path to: C:\Users\a4211\.stmcufinder\plugins\mcufinder//mcu/
2024-02-28 18:32:18,601 [WARN] DbFile:41 - Overriding database path with different value: C:\Users\a4211\.stmcufinder\plugins\mcufinder/ => C:\Users\a4211\.stmcufinder\plugins\mcufinder
2024-02-28 18:32:18,601 [WARN] DbFile:41 - Overriding database path with different value: C:\Users\a4211\.stmcufinder\plugins\mcufinder/ => C:\Users\a4211\.stmcufinder\plugins\mcufinder
2024-02-28 18:32:18,602 [INFO] CrossReferenceDbSqlite:203 - Set database path to: C:\Users\a4211\.stmcufinder\plugins\mcufinder//mcu/cs/
2024-02-28 18:32:18,692 [INFO] MainPanel:264 - HeapMemory: 268435456
2024-02-28 18:32:18,788 [INFO] DbMcusXml:78 - Set database path to: C:\ST\STM32CubeIDE_1.14.1\STM32CubeIDE\plugins\com.st.stm32cube.common.mx_6.10.0.202311202037\\db\/mcu/
2024-02-28 18:32:18,788 [INFO] ApiDb:274 - Set plugin database path to: C:\ST\STM32CubeIDE_1.14.1\STM32CubeIDE\plugins\com.st.stm32cube.common.mx_6.10.0.202311202037\\db\/plugins/boardmanager/
2024-02-28 18:32:18,788 [INFO] ApiDb:261 - Set plugin images path to: C:\ST\STM32CubeIDE_1.14.1\STM32CubeIDE\plugins\com.st.stm32cube.common.mx_6.10.0.202311202037\\db\/plugins/mcufinder/images/
2024-02-28 18:32:18,788 [WARN] DbFile:41 - Overriding database path with different value: C:\Users\a4211\.stmcufinder\plugins\mcufinder/ => C:\Users\a4211\.stmcufinder\plugins\mcufinder
2024-02-28 18:32:18,788 [INFO] ApiDb:250 - Set database path to: C:\Users\a4211\.stmcufinder\plugins\mcufinder//mcu/
2024-02-28 18:32:18,789 [WARN] DbFile:41 - Overriding database path with different value: C:\Users\a4211\.stmcufinder\plugins\mcufinder/ => C:\Users\a4211\.stmcufinder\plugins\mcufinder
2024-02-28 18:32:18,789 [INFO] DbMcusAds:125 - Set database path to: C:\Users\a4211\.stmcufinder\plugins\mcufinder//mcu/
2024-02-28 18:32:18,789 [WARN] DbFile:41 - Overriding database path with different value: C:\Users\a4211\.stmcufinder\plugins\mcufinder/ => C:\Users\a4211\.stmcufinder\plugins\mcufinder
2024-02-28 18:32:18,789 [WARN] DbFile:41 - Overriding database path with different value: C:\Users\a4211\.stmcufinder\plugins\mcufinder/ => C:\Users\a4211\.stmcufinder\plugins\mcufinder
2024-02-28 18:32:18,789 [INFO] CrossReferenceDbSqlite:203 - Set database path to: C:\Users\a4211\.stmcufinder\plugins\mcufinder//mcu/cs/
2024-02-28 18:32:18,809 [INFO] ApplicationProperties:184 - Using Application install path: C:\ST\STM32CubeIDE_1.14.1\STM32CubeIDE\plugins\com.st.stm32cube.common.mx_6.10.0.202311202037
2024-02-28 18:32:18,811 [INFO] PluginManage:196 - Search for loadable plugins [exclusion list=, ]
2024-02-28 18:32:18,813 [INFO] PluginManage:310 - Check plugin analytics
2024-02-28 18:32:28,547 [INFO] AnalyticsPlugin:253 - Accepted Software Licenses: 
2024-02-28 18:32:28,547 [INFO] AnalyticsPlugin:255 - Accepted CMSIS Pack Licenses: 
2024-02-28 18:32:28,548 [INFO] AnalyticsPlugin:257 - Accepted Firmware Licenses: FW.F7.1.17.0
2024-02-28 18:32:28,551 [INFO] PluginManage:359 - Loaded plugin analytics (category:tool,tabindex:-1)
2024-02-28 18:32:28,552 [INFO] PluginManage:310 - Check plugin cadmodel
2024-02-28 18:32:28,576 [INFO] CADModel:105 - Init CAD model plugin
2024-02-28 18:32:28,577 [INFO] PluginManage:359 - Loaded plugin cadmodel (category:power,tabindex:5)
2024-02-28 18:32:28,577 [INFO] PluginManage:310 - Check plugin clock
2024-02-28 18:32:28,596 [INFO] PluginManage:359 - Loaded plugin clock (category:base,tabindex:2)
2024-02-28 18:32:28,596 [INFO] PluginManage:310 - Check plugin ddr
2024-02-28 18:32:28,601 [INFO] PluginManage:359 - Loaded plugin ddr (category:tool,tabindex:6)
2024-02-28 18:32:28,602 [INFO] PluginManage:310 - Check plugin filemanager
2024-02-28 18:32:28,761 [INFO] PluginManage:359 - Loaded plugin filemanager (category:base,tabindex:10)
2024-02-28 18:32:28,761 [INFO] PluginManage:310 - Check plugin ipmanager
2024-02-28 18:32:28,771 [INFO] PluginManage:359 - Loaded plugin ipmanager (category:base,tabindex:5)
2024-02-28 18:32:28,771 [INFO] PluginManage:310 - Check plugin lpbam
2024-02-28 18:32:28,808 [INFO] PluginManage:359 - Loaded plugin lpbam (category:base,tabindex:0)
2024-02-28 18:32:28,808 [INFO] PluginManage:310 - Check plugin memorymap
2024-02-28 18:32:28,828 [INFO] PluginManage:359 - Loaded plugin memorymap (category:base,tabindex:4)
2024-02-28 18:32:28,829 [INFO] PluginManage:310 - Check plugin pinoutandconfiguration
2024-02-28 18:32:28,847 [INFO] PluginManage:359 - Loaded plugin pinoutandconfiguration (category:base,tabindex:1)
2024-02-28 18:32:28,848 [INFO] PluginManage:310 - Check plugin pinoutconfig
2024-02-28 18:32:28,956 [WARN] SupportedApi:132 - Cannot load RTOS API schema: s4s-elt-must-match.1: The content of 'definitions' must match (annotation?, (simpleType | complexType)?, (unique | key | keyref)*)). A problem was found starting at: attribute.
2024-02-28 18:32:29,120 [INFO] PluginManage:359 - Loaded plugin pinoutconfig (category:base,tabindex:0)
2024-02-28 18:32:29,121 [INFO] PluginManage:310 - Check plugin power
2024-02-28 18:32:29,154 [INFO] PluginManage:359 - Loaded plugin power (category:power,tabindex:4)
2024-02-28 18:32:29,155 [INFO] PluginManage:310 - Check plugin projectmanager
2024-02-28 18:32:29,175 [INFO] PluginManage:359 - Loaded plugin projectmanager (category:projectmanager,tabindex:3)
2024-02-28 18:32:29,175 [INFO] PluginManage:310 - Check plugin thirdparty
2024-02-28 18:32:29,370 [INFO] PluginManage:359 - Loaded plugin thirdparty (category:base,tabindex:-1)
2024-02-28 18:32:29,370 [WARN] IntegrityCheckThread:84 - waiting for thirdparty lock release [integrity check]
2024-02-28 18:32:29,370 [INFO] IntegrityCheckThread:86 - entering critical section [integrity check]
2024-02-28 18:32:29,370 [INFO] PluginManage:310 - Check plugin tools
2024-02-28 18:32:29,370 [INFO] ThirdPartyUpdaterWithRetryManager:70 - Updater plugin not ready yet. [1/15]
2024-02-28 18:32:29,376 [INFO] PluginManage:359 - Loaded plugin tools (category:base,tabindex:7)
2024-02-28 18:32:29,377 [INFO] PluginManage:310 - Check plugin tutovideos
2024-02-28 18:32:29,568 [INFO] PluginManage:359 - Loaded plugin tutovideos (category:base,tabindex:-1)
2024-02-28 18:32:29,568 [INFO] PluginManage:310 - Check plugin updater
2024-02-28 18:32:29,582 [INFO] PluginManage:359 - Loaded plugin updater (category:base,tabindex:12)
2024-02-28 18:32:29,582 [INFO] PluginManage:310 - Check plugin userauth
2024-02-28 18:32:29,589 [INFO] UserAuth:114 - Init User Auth plugin
2024-02-28 18:32:29,589 [INFO] PluginManage:359 - Loaded plugin userauth (category:base,tabindex:14)
2024-02-28 18:32:29,590 [INFO] PluginManage:283 - PluginManage : Loaded plugins [17]
2024-02-28 18:32:29,827 [INFO] PinOutPanel:1499 - setPackage(No Configuration,No Configuration)
2024-02-28 18:32:29,920 [INFO] CADModel:165 - CPN selected for project level
2024-02-28 18:32:29,920 [INFO] CADModel:114 - Register for checkConnection events
2024-02-28 18:32:29,942 [INFO] IPUIPlugin:80 - create IPUIPlugin
2024-02-28 18:32:29,942 [INFO] PluginManager:220 - loadIPPluginJar : add adc
2024-02-28 18:32:29,950 [INFO] IPUIPlugin:80 - create IPUIPlugin
2024-02-28 18:32:29,950 [INFO] PluginManager:220 - loadIPPluginJar : add aes
2024-02-28 18:32:29,958 [INFO] IPUIPlugin:80 - create IPUIPlugin
2024-02-28 18:32:29,958 [INFO] PluginManager:220 - loadIPPluginJar : add can
2024-02-28 18:32:29,963 [INFO] IPUIPlugin:80 - create IPUIPlugin
2024-02-28 18:32:29,964 [INFO] PluginManager:220 - loadIPPluginJar : add comp
2024-02-28 18:32:29,971 [INFO] IPUIPlugin:80 - create IPUIPlugin
2024-02-28 18:32:29,971 [INFO] PluginManager:220 - loadIPPluginJar : add cryp
2024-02-28 18:32:29,977 [INFO] IPUIPlugin:80 - create IPUIPlugin
2024-02-28 18:32:29,977 [INFO] PluginManager:220 - loadIPPluginJar : add dfsdm
2024-02-28 18:32:29,988 [INFO] IPUIPlugin:80 - create IPUIPlugin
2024-02-28 18:32:29,989 [INFO] PluginManager:220 - loadIPPluginJar : add dma
2024-02-28 18:32:29,995 [INFO] IPUIPlugin:80 - create IPUIPlugin
2024-02-28 18:32:29,995 [INFO] PluginManager:220 - loadIPPluginJar : add dma3
2024-02-28 18:32:29,999 [INFO] IPUIPlugin:80 - create IPUIPlugin
2024-02-28 18:32:29,999 [INFO] PluginManager:220 - loadIPPluginJar : add fatfs
2024-02-28 18:32:30,009 [INFO] IPUIPlugin:80 - create IPUIPlugin
2024-02-28 18:32:30,009 [INFO] PluginManager:220 - loadIPPluginJar : add fmc
2024-02-28 18:32:30,025 [INFO] IPUIPlugin:80 - create IPUIPlugin
2024-02-28 18:32:30,025 [INFO] PluginManager:220 - loadIPPluginJar : add freertos
2024-02-28 18:32:30,029 [INFO] IPUIPlugin:80 - create IPUIPlugin
2024-02-28 18:32:30,029 [INFO] PluginManager:220 - loadIPPluginJar : add genericplugin
2024-02-28 18:32:30,035 [INFO] IPUIPlugin:80 - create IPUIPlugin
2024-02-28 18:32:30,036 [INFO] PluginManager:220 - loadIPPluginJar : add gfxmmu
2024-02-28 18:32:30,048 [INFO] IPUIPlugin:80 - create IPUIPlugin
2024-02-28 18:32:30,049 [INFO] PluginManager:220 - loadIPPluginJar : add gic
2024-02-28 18:32:30,058 [INFO] IPUIPlugin:80 - create IPUIPlugin
2024-02-28 18:32:30,059 [INFO] PluginManager:220 - loadIPPluginJar : add gpio
2024-02-28 18:32:30,066 [INFO] IPUIPlugin:80 - create IPUIPlugin
2024-02-28 18:32:30,066 [INFO] PluginManager:220 - loadIPPluginJar : add gtzc
2024-02-28 18:32:30,072 [INFO] IPUIPlugin:80 - create IPUIPlugin
2024-02-28 18:32:30,073 [INFO] PluginManager:220 - loadIPPluginJar : add hash
2024-02-28 18:32:30,080 [INFO] IPUIPlugin:80 - create IPUIPlugin
2024-02-28 18:32:30,080 [INFO] PluginManager:220 - loadIPPluginJar : add i2c
2024-02-28 18:32:30,088 [INFO] IPUIPlugin:80 - create IPUIPlugin
2024-02-28 18:32:30,088 [INFO] PluginManager:220 - loadIPPluginJar : add i2s
2024-02-28 18:32:30,096 [INFO] IPUIPlugin:80 - create IPUIPlugin
2024-02-28 18:32:30,096 [INFO] PluginManager:220 - loadIPPluginJar : add i3c
2024-02-28 18:32:30,105 [INFO] IPUIPlugin:80 - create IPUIPlugin
2024-02-28 18:32:30,105 [INFO] PluginManager:220 - loadIPPluginJar : add ipddr
2024-02-28 18:32:30,119 [INFO] IPUIPlugin:80 - create IPUIPlugin
2024-02-28 18:32:30,119 [INFO] PluginManager:220 - loadIPPluginJar : add linkedlist
2024-02-28 18:32:30,126 [INFO] IPUIPlugin:80 - create IPUIPlugin
2024-02-28 18:32:30,126 [INFO] PluginManager:220 - loadIPPluginJar : add lorawan
2024-02-28 18:32:30,132 [INFO] IPUIPlugin:80 - create IPUIPlugin
2024-02-28 18:32:30,132 [INFO] PluginManager:220 - loadIPPluginJar : add ltdc
2024-02-28 18:32:30,142 [INFO] IPUIPlugin:80 - create IPUIPlugin
2024-02-28 18:32:30,142 [INFO] PluginManager:220 - loadIPPluginJar : add mdma
2024-02-28 18:32:30,153 [INFO] IPUIPlugin:80 - create IPUIPlugin
2024-02-28 18:32:30,153 [INFO] PluginManager:220 - loadIPPluginJar : add nvic
2024-02-28 18:32:30,160 [INFO] IPUIPlugin:80 - create IPUIPlugin
2024-02-28 18:32:30,160 [INFO] PluginManager:220 - loadIPPluginJar : add opamp
2024-02-28 18:32:30,168 [INFO] IPUIPlugin:80 - create IPUIPlugin
2024-02-28 18:32:30,168 [INFO] PluginManager:220 - loadIPPluginJar : add openamp
2024-02-28 18:32:30,175 [INFO] IPUIPlugin:80 - create IPUIPlugin
2024-02-28 18:32:30,175 [INFO] PluginManager:220 - loadIPPluginJar : add pdm2pcm
2024-02-28 18:32:30,185 [INFO] IPUIPlugin:80 - create IPUIPlugin
2024-02-28 18:32:30,187 [INFO] PluginManager:220 - loadIPPluginJar : add plateformsettings
2024-02-28 18:32:30,191 [INFO] IPUIPlugin:80 - create IPUIPlugin
2024-02-28 18:32:30,191 [INFO] PluginManager:220 - loadIPPluginJar : add quadspi
2024-02-28 18:32:30,203 [INFO] IPUIPlugin:80 - create IPUIPlugin
2024-02-28 18:32:30,203 [INFO] PluginManager:220 - loadIPPluginJar : add resmgrutility
2024-02-28 18:32:30,212 [INFO] IPUIPlugin:80 - create IPUIPlugin
2024-02-28 18:32:30,212 [INFO] PluginManager:220 - loadIPPluginJar : add sai
2024-02-28 18:32:30,218 [INFO] IPUIPlugin:80 - create IPUIPlugin
2024-02-28 18:32:30,218 [INFO] PluginManager:220 - loadIPPluginJar : add spi
2024-02-28 18:32:30,230 [INFO] IPUIPlugin:80 - create IPUIPlugin
2024-02-28 18:32:30,230 [INFO] PluginManager:220 - loadIPPluginJar : add stm32_wpan
2024-02-28 18:32:30,233 [INFO] IPUIPlugin:80 - create IPUIPlugin
2024-02-28 18:32:30,234 [INFO] PluginManager:220 - loadIPPluginJar : add tim
2024-02-28 18:32:30,242 [INFO] IPUIPlugin:80 - create IPUIPlugin
2024-02-28 18:32:30,242 [INFO] PluginManager:220 - loadIPPluginJar : add touchsensing
2024-02-28 18:32:30,247 [INFO] IPUIPlugin:80 - create IPUIPlugin
2024-02-28 18:32:30,247 [INFO] PluginManager:220 - loadIPPluginJar : add tracer_emb
2024-02-28 18:32:30,251 [INFO] IPUIPlugin:80 - create IPUIPlugin
2024-02-28 18:32:30,251 [INFO] PluginManager:220 - loadIPPluginJar : add ts
2024-02-28 18:32:30,255 [INFO] IPUIPlugin:80 - create IPUIPlugin
2024-02-28 18:32:30,255 [INFO] PluginManager:220 - loadIPPluginJar : add tsc
2024-02-28 18:32:30,259 [INFO] IPUIPlugin:80 - create IPUIPlugin
2024-02-28 18:32:30,259 [INFO] PluginManager:220 - loadIPPluginJar : add ucpd
2024-02-28 18:32:30,268 [INFO] IPUIPlugin:80 - create IPUIPlugin
2024-02-28 18:32:30,268 [INFO] PluginManager:220 - loadIPPluginJar : add usart
2024-02-28 18:32:30,276 [INFO] IPUIPlugin:80 - create IPUIPlugin
2024-02-28 18:32:30,276 [INFO] PluginManager:220 - loadIPPluginJar : add usbx
2024-02-28 18:32:30,416 [INFO] CADModel:165 - CPN selected for project level
2024-02-28 18:32:30,416 [INFO] CADModel:114 - Register for checkConnection events
2024-02-28 18:32:30,417 [FATAL] Updater:308 - Updater called before beeing initialized
2024-02-28 18:32:30,418 [ERROR] CADModel:125 - Updater not yet initialized, retry later 
2024-02-28 18:32:30,611 [INFO] CADModel:165 - CPN selected for project level
2024-02-28 18:32:30,611 [INFO] CADModel:114 - Register for checkConnection events
2024-02-28 18:32:30,611 [FATAL] Updater:308 - Updater called before beeing initialized
2024-02-28 18:32:30,611 [ERROR] CADModel:125 - Updater not yet initialized, retry later 
2024-02-28 18:32:30,614 [FATAL] Updater:308 - Updater called before beeing initialized
2024-02-28 18:32:30,735 [FATAL] Updater:308 - Updater called before beeing initialized
2024-02-28 18:32:30,739 [INFO] DbMcusAds:53 - JSON generation date=Wed Nov 29 19:52:27 KST 2023 (1701255147349)
2024-02-28 18:32:30,740 [FATAL] Updater:308 - Updater called before beeing initialized
2024-02-28 18:32:30,782 [WARN] DetailPanel:346 - Failed to get advertising image, set to default
2024-02-28 18:32:30,895 [FATAL] Updater:308 - Updater called before beeing initialized
2024-02-28 18:32:30,897 [FATAL] Updater:308 - Updater called before beeing initialized
2024-02-28 18:32:30,898 [FATAL] Updater:308 - Updater called before beeing initialized
2024-02-28 18:32:30,898 [WARN] DetailPanel:346 - Failed to get advertising image, set to default
2024-02-28 18:32:30,898 [FATAL] Updater:308 - Updater called before beeing initialized
2024-02-28 18:32:30,956 [ERROR] Updater:1120 - MainUpdater not yet initialized. External WinMGr cannot be set.
2024-02-28 18:32:30,959 [INFO] Updater:1056 - Updater Version found : 6.10.0
2024-02-28 18:32:30,976 [INFO] ApplicationProperties:184 - Using Application install path: C:\ST\STM32CubeIDE_1.14.1\STM32CubeIDE\plugins\com.st.stm32cube.common.mx_6.10.0.202311202037
2024-02-28 18:32:32,373 [INFO] ThirdPartyUpdaterWithRetryManager:70 - Updater plugin not ready yet. [2/15]
2024-02-28 18:32:32,569 [ERROR] LogOutputStream:75 - [STDERR_REDIRECT] Feb 28, 2024 6:32:32 PM java.util.prefs.WindowsPreferences <init>
2024-02-28 18:32:32,577 [ERROR] LogOutputStream:75 - [STDERR_REDIRECT] WARNING: Could not open/create prefs root node Software\JavaSoft\Prefs at root 0xffffffff80000002. Windows RegCreateKeyEx(...) returned error code 5.
2024-02-28 18:32:32,578 [ERROR] LogOutputStream:75 - [STDERR_REDIRECT] 
2024-02-28 18:32:33,067 [INFO] MainUpdater:2873 - connection check result : 10
2024-02-28 18:32:33,069 [INFO] MainUpdater:290 - Updater Check For Update Now.
2024-02-28 18:32:33,070 [INFO] MicroXplorer:498 - Change Database Version : DB.6.0.100
2024-02-28 18:32:33,086 [INFO] McuFinderGlobals:63 - Set McuFinder mode to 2 (CubeIDE integrated)
2024-02-28 18:32:33,087 [INFO] UserAuth:180 - activating auth plugin
2024-02-28 18:32:33,089 [INFO] UserAuth:404 - Internet connection configuration mode: 1
2024-02-28 18:32:33,123 [INFO] JxBrowserEngine:152 - Initiate JxBrowser Engine with user profile folder
2024-02-28 18:32:33,253 [INFO] CheckServerUpdateThread:120 - End of CheckServer Thread
2024-02-28 18:32:33,293 [INFO] MainUpdater:2873 - connection check result : 10
2024-02-28 18:32:33,301 [INFO] McuFinderGlobals:76 - Set McuFinderConnectedMode to true
2024-02-28 18:32:33,502 [INFO] ServerAccessManage:473 - Download File mcusAds.json._tmp_
2024-02-28 18:32:33,617 [INFO] LoadUrlFilesThread:156 - End of LoadUrlFiles Thread
2024-02-28 18:32:34,165 [INFO] ServerAccessManage:473 - Download File cube-finder-db.zip
2024-02-28 18:32:35,029 [INFO] WebApp:161 - Instantiating new browser for Auth
2024-02-28 18:32:35,376 [WARN] MainUpdater:1194 - Updater busy. Cannot search thirdparties
2024-02-28 18:32:35,376 [INFO] ThirdPartyUpdaterWithRetryManager:96 - Updater plugin is busy. [1/15]
2024-02-28 18:32:35,808 [INFO] WebApp:780 - Register for checkConnection events
2024-02-28 18:32:35,808 [INFO] WebApp:414 - Apply proxy settings
2024-02-28 18:32:35,808 [INFO] WebApp:499 - Chromium requires no authentication
2024-02-28 18:32:35,817 [INFO] WebApp:442 - Direct internet connection detected
2024-02-28 18:32:36,025 [INFO] WebApp:192 - Starting web application
2024-02-28 18:32:36,025 [INFO] WebApp:544 - Web application path used C:\ST\STM32CubeIDE_1.14.1\STM32CubeIDE\plugins\com.st.stm32cube.common.mx_6.10.0.202311202037\db\plugins\mcufinder\reactClient1\index.html
2024-02-28 18:32:38,378 [WARN] MainUpdater:1194 - Updater busy. Cannot search thirdparties
2024-02-28 18:32:38,378 [INFO] ThirdPartyUpdaterWithRetryManager:96 - Updater plugin is busy. [2/15]
2024-02-28 18:32:40,085 [INFO] FileExtend:240 - Unzip File : cube-finder-db.zip
2024-02-28 18:32:40,086 [INFO] FileExtend:255 - Standard Zip Deflate
2024-02-28 18:32:40,967 [INFO] LoadUrlFilesThread:156 - End of LoadUrlFiles Thread
2024-02-28 18:32:41,382 [WARN] MainUpdater:1194 - Updater busy. Cannot search thirdparties
2024-02-28 18:32:41,382 [INFO] ThirdPartyUpdaterWithRetryManager:96 - Updater plugin is busy. [3/15]
2024-02-28 18:32:42,210 [INFO] ServerAccessManage:473 - Download File crdb.zip
2024-02-28 18:32:43,569 [INFO] FileExtend:240 - Unzip File : crdb.zip
2024-02-28 18:32:43,569 [INFO] FileExtend:255 - Standard Zip Deflate
2024-02-28 18:32:43,706 [INFO] LoadUrlFilesThread:156 - End of LoadUrlFiles Thread
2024-02-28 18:32:43,903 [INFO] ServerAccessManage:473 - Download File tutoVideoDB.zip
2024-02-28 18:32:43,946 [INFO] FileExtend:240 - Unzip File : tutoVideoDB.zip
2024-02-28 18:32:43,946 [INFO] FileExtend:255 - Standard Zip Deflate
2024-02-28 18:32:44,064 [INFO] LoadUrlFilesThread:156 - End of LoadUrlFiles Thread
2024-02-28 18:32:44,067 [WARN] DbFile:41 - Overriding database path with different value: C:\Users\a4211\.stmcufinder\plugins\mcufinder/ => C:\Users\a4211\.stmcufinder\plugins\mcufinder
2024-02-28 18:32:44,383 [WARN] MainUpdater:1194 - Updater busy. Cannot search thirdparties
2024-02-28 18:32:44,383 [INFO] ThirdPartyUpdaterWithRetryManager:96 - Updater plugin is busy. [4/15]
2024-02-28 18:32:45,183 [INFO] ServerAccessManage:473 - Download File api_config.json
2024-02-28 18:32:45,296 [INFO] LoadUrlFilesThread:156 - End of LoadUrlFiles Thread
2024-02-28 18:32:45,298 [INFO] DbMcusAds:53 - JSON generation date=Wed Nov 29 19:52:27 KST 2023 (1701255147349)
2024-02-28 18:32:45,323 [INFO] LoadUrlFilesThread:185 - End of LoadServerUrlFiles without Thread
2024-02-28 18:32:45,324 [INFO] TargetSelectorAdapter:259 - Refresh data is successful
2024-02-28 18:32:45,449 [INFO] ApiDb:581 - Connected to CubeFinder SQLite database (C:\Users\a4211\.stmcufinder\plugins\mcufinder\mcu\cube-finder-db.db)
2024-02-28 18:32:45,534 [INFO] ApiDb:668 - CubeFinder database Data Model version=2.1
2024-02-28 18:32:45,534 [INFO] ApiDb:669 - CubeFinder database Configuration version=3.0.39
2024-02-28 18:32:45,534 [INFO] ApiDb:670 - CubeFinder database generation date=2024-02-19 (1708350410)
2024-02-28 18:32:45,535 [INFO] ApiDb:671 - CubeFinder database FW Pack versions=[FP-ATR-ASTRA1_V2.0.0, FP-SNS-FLIGHT1_V5.0.1, FP-SNS-FLIGHT1_V5.0.2, FP-SNS-MOTENV1_V4.3.1, FP-SNS-MOTENV1_V4.3.2, FP-SNS-MOTENVWB1_V1.3.1, FP-SNS-SMARTAG2_V1.2.0, STM32Cube_FW_C0_V1.1.0, STM32Cube_FW_F4_V1.28.0, STM32Cube_FW_F7_V1.17.0, STM32Cube_FW_G0_V1.6.2, STM32Cube_FW_G4_V1.5.2, STM32Cube_FW_H5_V0.5.1, STM32Cube_FW_H5_V1.1.1, STM32Cube_FW_H5_V1.2.0RC2, STM32Cube_FW_H7_V1.11.0, STM32Cube_FW_L0_V1.12.2, STM32Cube_FW_L5_V1.5.0, STM32Cube_FW_U5_V1.3.0RC4, STM32Cube_FW_U5_V1.4.0, STM32Cube_FW_WBA_V1.0.0RC1, STM32Cube_FW_WBA_V1.1.0RC1, STM32Cube_FW_WBA_V1.2.0, STM32Cube_FW_WBA_V1.2.0RC2, STM32Cube_FW_WB_V1.15.0RC1, STM32Cube_FW_WB_V1.16.0, STM32Cube_FW_WB_V1.16.0RC2, STM32Cube_FW_WB_V1.18.0, STM32Cube_FW_WL_V1.3.0, X-CUBE-ALGOBUILD_V1.3.0, X-CUBE-ALS_V1.0.1, X-CUBE-AZRTOS-F4_V1.1.0, X-CUBE-AZRTOS-F7_V1.1.0, X-CUBE-AZRTOS-G0_V1.1.0, X-CUBE-AZRTOS-G4_V2.0.0, X-CUBE-AZRTOS-H7_V3.2.0, X-CUBE-AZRTOS-L4_V1.0.0, X-CUBE-AZRTOS-L4_V2.0.0, X-CUBE-AZRTOS-L5_V1.1.0, X-CUBE-AZRTOS-WB_V2.0.0, X-CUBE-AZRTOS-WL_V2.0.0, X-CUBE-BLE1_V7.0.0, X-CUBE-BLE2_V3.3.0, X-CUBE-BLEMGR_V3.0.0, X-CUBE-EEPRMA1_V4.1.0, X-CUBE-EEPRMA1_V5.1.0, X-CUBE-FREERTOS_V1.1.0, X-CUBE-GNSS1_V6.0.0, X-CUBE-MEMS1_V10.0.0, X-CUBE-MEMS1_V9.1.0, X-CUBE-MEMS1_V9.4.0, X-CUBE-MEMS1_V9.6.0, X-CUBE-NFC4_V3.0.0, X-CUBE-NFC7_V1.0.1, X-CUBE-SFXS2LP1_V4.0.0, X-CUBE-SUBG2_V5.0.0, X-CUBE-TOF1_V3.4.0]
2024-02-28 18:32:47,272 [INFO] ApiDb:240 - Found 371 in-development CPN: [B-G473E-ZEST1S, B-WB1M-WPAN1, B-WL5M-SUBG1, NUCLEO-C031C6, NUCLEO-H503RB, NUCLEO-H563ZI, NUCLEO-U545RE-Q, NUCLEO-U5A5ZJ-Q, NUCLEO-WBA52CG, NUCLEO-WBA55CG, STEVAL-MKBOXPRO, STEVAL-PROTEUS1, STEVAL-STWINBX1, STM320518-EVAL, STM32C0116-DK, STM32C011D6Y3TR, STM32C011D6Y6TR, STM32C011F4P3, STM32C011F4P6, STM32C011F4U3, STM32C011F4U6TR, STM32C011F6P3, STM32C011F6P6, STM32C011F6U3, STM32C011F6U6TR, STM32C011J4M3, STM32C011J4M6, STM32C011J6M3, STM32C011J6M6, STM32C0316-DK, STM32C031C4T3, STM32C031C4T6, STM32C031C4U3, STM32C031C4U6, STM32C031C6T3, STM32C031C6T6, STM32C031C6U3, STM32C031C6U6, STM32C031F4P3, STM32C031F4P6, STM32C031F6P3, STM32C031F6P6, STM32C031G4U3, STM32C031G4U6, STM32C031G6U3, STM32C031G6U6, STM32C031K4T3, STM32C031K4T6, STM32C031K4U3, STM32C031K4U6, STM32C031K6T3, STM32C031K6T6, STM32C031K6U3, STM32C031K6U6, STM32G071K8TXN, STM32G071K8UXN, STM32G081GBU6N, STM32G081KBT6N, STM32G081KBUXN, STM32G0B1CCT6N, STM32G0B1KCT6, STM32G0B1NEY6TR, STM32G0B1RCT6N, STM32G0C1CCT6, STM32G0C1CCT6N, STM32G0C1CCU6N, STM32G0C1CET6N, STM32G0C1CEU6N, STM32G0C1KCT6, STM32G0C1NEY6TR, STM32G0C1RCI6N, STM32G0C1RCT6N, STM32G0C1REI6N, STM32G0C1RET6N, STM32G0C1VCI6, STM32G0C1VEI6, STM32G471CCT6, STM32G471CCU6, STM32G471CET3, STM32G471CET6, STM32G471CEU3, STM32G471CEU6, STM32G471MCT6, STM32G471MET3, STM32G471MET6, STM32G471MEY6TR, STM32G471QCT6, STM32G471QET3, STM32G471RCT6, STM32G471RET3, STM32G471RET6, STM32G471VCH6, STM32G471VCI6, STM32G471VCT6, STM32G471VEH3, STM32G471VEH6, STM32G471VEI3, STM32G471VEI6, STM32G471VET3, STM32G471VET6, STM32G474CCT6, STM32H503CBT6, STM32H503CBU6, STM32H503EBY6TR, STM32H503KBU6, STM32H503RBT6, STM32H562AGI6, STM32H562AII6, STM32H562IGK6, STM32H562IGT6, STM32H562IIK6, STM32H562IIT6, STM32H562RGT6, STM32H562RGV6, STM32H562RIT6, STM32H562RIV6, STM32H562VGT6, STM32H562VIT6, STM32H562ZGT6, STM32H562ZIT6, STM32H563AGI6, STM32H563AII3Q, STM32H563AII6, STM32H563IGK6, STM32H563IGT6, STM32H563IIK3Q, STM32H563IIK6, STM32H563IIT3Q, STM32H563IIT6, STM32H563MIY3QTR, STM32H563RGT6, STM32H563RGV6, STM32H563RIT6, STM32H563RIV6, STM32H563VGT6, STM32H563VIT3Q, STM32H563VIT6, STM32H563ZGT6, STM32H563ZIT3Q, STM32H563ZIT6, STM32H573AII3Q, STM32H573AII6, STM32H573I-DK, STM32H573IIK3Q, STM32H573IIK6, STM32H573IIT3Q, STM32H573IIT6, STM32H573MIY3QTR, STM32H573RIT6, STM32H573RIV6, STM32H573VIT3Q, STM32H573VIT6, STM32H573ZIT3Q, STM32H573ZIT6, STM32L4R5QGI6STR, STM32MP131AAE3, STM32MP131AAF3, STM32MP131AAG3, STM32MP131CAE3, STM32MP131CAF3, STM32MP131CAG3, STM32MP131DAE7, STM32MP131DAF7, STM32MP131DAG7, STM32MP131FAE7, STM32MP131FAF7, STM32MP131FAG7, STM32MP133AAE3, STM32MP133AAF3, STM32MP133AAG3, STM32MP133CAE3, STM32MP133CAF3, STM32MP133CAG3, STM32MP133DAE7, STM32MP133DAF7, STM32MP133DAG7, STM32MP133FAE7, STM32MP133FAF7, STM32MP133FAG7, STM32MP135AAE3, STM32MP135AAF3, STM32MP135AAG3, STM32MP135CAE3, STM32MP135CAF3, STM32MP135CAG3, STM32MP135DAE7, STM32MP135DAF7, STM32MP135DAG7, STM32MP135F-DK, STM32MP135FAE7, STM32MP135FAF7, STM32MP135FAF7T, STM32MP135FAF7U, STM32MP135FAG7, STM32U535CBT6, STM32U535CBT6Q, STM32U535CBU6, STM32U535CBU6Q, STM32U535CCT6, STM32U535CCT6Q, STM32U535CCU6, STM32U535CCU6Q, STM32U535CET6, STM32U535CET6Q, STM32U535CEU6, STM32U535CEU6Q, STM32U535JEY6QTR, STM32U535NCY6QTR, STM32U535NEY6QTR, STM32U535RBI6, STM32U535RBI6Q, STM32U535RBT6, STM32U535RBT6Q, STM32U535RCI6, STM32U535RCI6Q, STM32U535RCT6, STM32U535RCT6Q, STM32U535REI6, STM32U535REI6Q, STM32U535RET6, STM32U535RET6Q, STM32U535VCI6, STM32U535VCI6Q, STM32U535VCT6, STM32U535VCT6Q, STM32U535VEI6, STM32U535VEI6Q, STM32U535VET6, STM32U535VET6Q, STM32U545CET6, STM32U545CET6Q, STM32U545CEU6, STM32U545CEU6Q, STM32U545JEY6QTR, STM32U545NEY6QTR, STM32U545REI6, STM32U545REI6Q, STM32U545RET6, STM32U545RET6Q, STM32U545VEI6, STM32U545VEI6Q, STM32U545VET6, STM32U545VET6Q, STM32U595AIH6, STM32U595AIH6Q, STM32U595AJH6, STM32U595AJH6Q, STM32U595QII6, STM32U595QII6Q, STM32U595QJI6, STM32U595QJI6Q, STM32U595RIT6, STM32U595RIT6Q, STM32U595RJT6, STM32U595RJT6Q, STM32U595VIT6, STM32U595VIT6Q, STM32U595VJT6, STM32U595VJT6Q, STM32U595ZIT6, STM32U595ZIT6Q, STM32U595ZIY6QTR, STM32U595ZJT6, STM32U595ZJT6Q, STM32U595ZJY6QTR, STM32U599BJY6QTR, STM32U599NIH6Q, STM32U599NJH6Q, STM32U599VIT6Q, STM32U599VJT6, STM32U599VJT6Q, STM32U599ZIT6Q, STM32U599ZIY6QTR, STM32U599ZJT6Q, STM32U599ZJY6QTR, STM32U5A5AJH6, STM32U5A5AJH6Q, STM32U5A5QJI6, STM32U5A5QJI6Q, STM32U5A5RJT6, STM32U5A5RJT6Q, STM32U5A5VJT6, STM32U5A5VJT6Q, STM32U5A5ZJT6, STM32U5A5ZJT6Q, STM32U5A5ZJY6QTR, STM32U5A9BJY6QTR, STM32U5A9J-DK, STM32U5A9NJH6Q, STM32U5A9VJT6Q, STM32U5A9ZJT6Q, STM32U5A9ZJY6QTR, STM32U5F7VIT6, STM32U5F7VIT6Q, STM32U5F7VJT6, STM32U5F7VJT6Q, STM32U5F9BJY6QTR, STM32U5F9NJH6Q, STM32U5F9VIT6Q, STM32U5F9VJT6Q, STM32U5F9ZIJ6QTR, STM32U5F9ZIT6Q, STM32U5F9ZJJ6QTR, STM32U5F9ZJT6Q, STM32U5G7VJT6, STM32U5G7VJT6Q, STM32U5G9BJY6QTR, STM32U5G9J-DK1, STM32U5G9J-DK2, STM32U5G9NJH6Q, STM32U5G9VJT6Q, STM32U5G9ZJJ6QTR, STM32U5G9ZJT6Q, STM32WB1MMCH6, STM32WBA50KEU6, STM32WBA50KEU6TR, STM32WBA50KGU6, STM32WBA50KGU6TR, STM32WBA52CEU6, STM32WBA52CEU6TR, STM32WBA52CEU7, STM32WBA52CEU7TR, STM32WBA52CGU6, STM32WBA52CGU6TR, STM32WBA52CGU6U, STM32WBA52CGU7, STM32WBA52CGU7TR, STM32WBA52KEU6, STM32WBA52KEU6TR, STM32WBA52KGU6, STM32WBA52KGU6TR, STM32WBA54CEU6, STM32WBA54CEU6TR, STM32WBA54CEU7, STM32WBA54CEU7TR, STM32WBA54CGU6, STM32WBA54CGU6TR, STM32WBA54CGU7, STM32WBA54CGU7TR, STM32WBA54KEU6, STM32WBA54KEU6TR, STM32WBA54KEU7, STM32WBA54KEU7TR, STM32WBA54KGU6, STM32WBA54KGU6TR, STM32WBA54KGU7, STM32WBA54KGU7TR, STM32WBA55CEU6, STM32WBA55CEU6TR, STM32WBA55CEU7, STM32WBA55CEU7TR, STM32WBA55CGU6, STM32WBA55CGU6TR, STM32WBA55CGU6U, STM32WBA55CGU7, STM32WBA55CGU7TR, STM32WBA55G-DK1, STM32WBA55HEF6, STM32WBA55HEF7, STM32WBA55HGF6, STM32WBA55HGF7, STM32WBA55UEI6, STM32WBA55UEI6TR, STM32WBA55UEI7, STM32WBA55UEI7TR, STM32WBA55UGI6, STM32WBA55UGI6TR, STM32WBA55UGI7, STM32WBA55UGI7TR, STM32WL5MOCH6, STM32WL5MOCH6TR]
2024-02-28 18:32:47,277 [INFO] DbMcus:218 - Found 3930 MCUs, 3930 are supported
2024-02-28 18:32:47,279 [INFO] ApiDb:423 - Load user favorites file C:\Users\a4211/.stm32cubeide/favorites.mcus.txt: 0 item(s)
2024-02-28 18:32:47,279 [INFO] ApiDb:427 - User favorites MCUs=[]
2024-02-28 18:32:47,279 [INFO] DbMcus:224 - Set 0 / 0 favorites MCUs
2024-02-28 18:32:47,631 [WARN] PackLoader:240 - Cannot read IP mode file for STMicroelectronics.FP-SNS-MOTENV1.4.3.2
2024-02-28 18:32:47,664 [INFO] ApiDb:668 - CubeFinder database Data Model version=2.1
2024-02-28 18:32:47,665 [INFO] ApiDb:669 - CubeFinder database Configuration version=3.0.39
2024-02-28 18:32:47,665 [INFO] ApiDb:670 - CubeFinder database generation date=2024-02-19 (1708350410)
2024-02-28 18:32:47,665 [INFO] ApiDb:671 - CubeFinder database FW Pack versions=[FP-ATR-ASTRA1_V2.0.0, FP-SNS-FLIGHT1_V5.0.1, FP-SNS-FLIGHT1_V5.0.2, FP-SNS-MOTENV1_V4.3.1, FP-SNS-MOTENV1_V4.3.2, FP-SNS-MOTENVWB1_V1.3.1, FP-SNS-SMARTAG2_V1.2.0, STM32Cube_FW_C0_V1.1.0, STM32Cube_FW_F4_V1.28.0, STM32Cube_FW_F7_V1.17.0, STM32Cube_FW_G0_V1.6.2, STM32Cube_FW_G4_V1.5.2, STM32Cube_FW_H5_V0.5.1, STM32Cube_FW_H5_V1.1.1, STM32Cube_FW_H5_V1.2.0RC2, STM32Cube_FW_H7_V1.11.0, STM32Cube_FW_L0_V1.12.2, STM32Cube_FW_L5_V1.5.0, STM32Cube_FW_U5_V1.3.0RC4, STM32Cube_FW_U5_V1.4.0, STM32Cube_FW_WBA_V1.0.0RC1, STM32Cube_FW_WBA_V1.1.0RC1, STM32Cube_FW_WBA_V1.2.0, STM32Cube_FW_WBA_V1.2.0RC2, STM32Cube_FW_WB_V1.15.0RC1, STM32Cube_FW_WB_V1.16.0, STM32Cube_FW_WB_V1.16.0RC2, STM32Cube_FW_WB_V1.18.0, STM32Cube_FW_WL_V1.3.0, X-CUBE-ALGOBUILD_V1.3.0, X-CUBE-ALS_V1.0.1, X-CUBE-AZRTOS-F4_V1.1.0, X-CUBE-AZRTOS-F7_V1.1.0, X-CUBE-AZRTOS-G0_V1.1.0, X-CUBE-AZRTOS-G4_V2.0.0, X-CUBE-AZRTOS-H7_V3.2.0, X-CUBE-AZRTOS-L4_V1.0.0, X-CUBE-AZRTOS-L4_V2.0.0, X-CUBE-AZRTOS-L5_V1.1.0, X-CUBE-AZRTOS-WB_V2.0.0, X-CUBE-AZRTOS-WL_V2.0.0, X-CUBE-BLE1_V7.0.0, X-CUBE-BLE2_V3.3.0, X-CUBE-BLEMGR_V3.0.0, X-CUBE-EEPRMA1_V4.1.0, X-CUBE-EEPRMA1_V5.1.0, X-CUBE-FREERTOS_V1.1.0, X-CUBE-GNSS1_V6.0.0, X-CUBE-MEMS1_V10.0.0, X-CUBE-MEMS1_V9.1.0, X-CUBE-MEMS1_V9.4.0, X-CUBE-MEMS1_V9.6.0, X-CUBE-NFC4_V3.0.0, X-CUBE-NFC7_V1.0.1, X-CUBE-SFXS2LP1_V4.0.0, X-CUBE-SUBG2_V5.0.0, X-CUBE-TOF1_V3.4.0]
2024-02-28 18:32:47,678 [WARN] PackLoader:240 - Cannot read IP mode file for STMicroelectronics.FP-SNS-FLIGHT1.5.0.2
2024-02-28 18:32:47,712 [WARN] PackLoader:240 - Cannot read IP mode file for STMicroelectronics.X-CUBE-DISPLAY.3.0.0
2024-02-28 18:32:47,740 [WARN] PackLoader:240 - Cannot read IP mode file for STMicroelectronics.X-CUBE-BLE1.7.0.0
2024-02-28 18:32:47,747 [INFO] DbBoardsSqlite:226 - include board P-NUCLEO-WB55-NUCLEO as a kit item of type 'Nucleo-64'
2024-02-28 18:32:47,748 [INFO] DbBoardsSqlite:226 - include board P-NUCLEO-WB55-USBDONGLE as a kit item of type 'Nucleo USB Dongle'
2024-02-28 18:32:47,748 [INFO] DbBoardsSqlite:226 - include board STEVAL-IDP005V1 as a kit item of type 'Evaluation Board'
2024-02-28 18:32:47,749 [INFO] DbBoardsSqlite:226 - include board STEVAL-IDP005V2 as a kit item of type 'Evaluation Board'
2024-02-28 18:32:47,752 [WARN] PackLoader:240 - Cannot read IP mode file for STMicroelectronics.FP-SNS-SMARTAG2.1.2.0
2024-02-28 18:32:47,772 [WARN] PackLoader:240 - Cannot read IP mode file for STMicroelectronics.X-CUBE-BLE2.3.3.0
2024-02-28 18:32:47,799 [WARN] PackLoader:240 - Cannot read IP mode file for STMicroelectronics.X-CUBE-BLEMGR.3.0.0
2024-02-28 18:32:47,810 [WARN] PackLoader:240 - Cannot read IP mode file for STMicroelectronics.FP-ATR-SIGFOX1.3.2.0
2024-02-28 18:32:47,823 [WARN] PackLoader:240 - Cannot read IP mode file for STMicroelectronics.X-CUBE-GNSS1.6.0.0
2024-02-28 18:32:47,834 [INFO] ApiDb:240 - Found 371 in-development CPN: [B-G473E-ZEST1S, B-WB1M-WPAN1, B-WL5M-SUBG1, NUCLEO-C031C6, NUCLEO-H503RB, NUCLEO-H563ZI, NUCLEO-U545RE-Q, NUCLEO-U5A5ZJ-Q, NUCLEO-WBA52CG, NUCLEO-WBA55CG, STEVAL-MKBOXPRO, STEVAL-PROTEUS1, STEVAL-STWINBX1, STM320518-EVAL, STM32C0116-DK, STM32C011D6Y3TR, STM32C011D6Y6TR, STM32C011F4P3, STM32C011F4P6, STM32C011F4U3, STM32C011F4U6TR, STM32C011F6P3, STM32C011F6P6, STM32C011F6U3, STM32C011F6U6TR, STM32C011J4M3, STM32C011J4M6, STM32C011J6M3, STM32C011J6M6, STM32C0316-DK, STM32C031C4T3, STM32C031C4T6, STM32C031C4U3, STM32C031C4U6, STM32C031C6T3, STM32C031C6T6, STM32C031C6U3, STM32C031C6U6, STM32C031F4P3, STM32C031F4P6, STM32C031F6P3, STM32C031F6P6, STM32C031G4U3, STM32C031G4U6, STM32C031G6U3, STM32C031G6U6, STM32C031K4T3, STM32C031K4T6, STM32C031K4U3, STM32C031K4U6, STM32C031K6T3, STM32C031K6T6, STM32C031K6U3, STM32C031K6U6, STM32G071K8TXN, STM32G071K8UXN, STM32G081GBU6N, STM32G081KBT6N, STM32G081KBUXN, STM32G0B1CCT6N, STM32G0B1KCT6, STM32G0B1NEY6TR, STM32G0B1RCT6N, STM32G0C1CCT6, STM32G0C1CCT6N, STM32G0C1CCU6N, STM32G0C1CET6N, STM32G0C1CEU6N, STM32G0C1KCT6, STM32G0C1NEY6TR, STM32G0C1RCI6N, STM32G0C1RCT6N, STM32G0C1REI6N, STM32G0C1RET6N, STM32G0C1VCI6, STM32G0C1VEI6, STM32G471CCT6, STM32G471CCU6, STM32G471CET3, STM32G471CET6, STM32G471CEU3, STM32G471CEU6, STM32G471MCT6, STM32G471MET3, STM32G471MET6, STM32G471MEY6TR, STM32G471QCT6, STM32G471QET3, STM32G471RCT6, STM32G471RET3, STM32G471RET6, STM32G471VCH6, STM32G471VCI6, STM32G471VCT6, STM32G471VEH3, STM32G471VEH6, STM32G471VEI3, STM32G471VEI6, STM32G471VET3, STM32G471VET6, STM32G474CCT6, STM32H503CBT6, STM32H503CBU6, STM32H503EBY6TR, STM32H503KBU6, STM32H503RBT6, STM32H562AGI6, STM32H562AII6, STM32H562IGK6, STM32H562IGT6, STM32H562IIK6, STM32H562IIT6, STM32H562RGT6, STM32H562RGV6, STM32H562RIT6, STM32H562RIV6, STM32H562VGT6, STM32H562VIT6, STM32H562ZGT6, STM32H562ZIT6, STM32H563AGI6, STM32H563AII3Q, STM32H563AII6, STM32H563IGK6, STM32H563IGT6, STM32H563IIK3Q, STM32H563IIK6, STM32H563IIT3Q, STM32H563IIT6, STM32H563MIY3QTR, STM32H563RGT6, STM32H563RGV6, STM32H563RIT6, STM32H563RIV6, STM32H563VGT6, STM32H563VIT3Q, STM32H563VIT6, STM32H563ZGT6, STM32H563ZIT3Q, STM32H563ZIT6, STM32H573AII3Q, STM32H573AII6, STM32H573I-DK, STM32H573IIK3Q, STM32H573IIK6, STM32H573IIT3Q, STM32H573IIT6, STM32H573MIY3QTR, STM32H573RIT6, STM32H573RIV6, STM32H573VIT3Q, STM32H573VIT6, STM32H573ZIT3Q, STM32H573ZIT6, STM32L4R5QGI6STR, STM32MP131AAE3, STM32MP131AAF3, STM32MP131AAG3, STM32MP131CAE3, STM32MP131CAF3, STM32MP131CAG3, STM32MP131DAE7, STM32MP131DAF7, STM32MP131DAG7, STM32MP131FAE7, STM32MP131FAF7, STM32MP131FAG7, STM32MP133AAE3, STM32MP133AAF3, STM32MP133AAG3, STM32MP133CAE3, STM32MP133CAF3, STM32MP133CAG3, STM32MP133DAE7, STM32MP133DAF7, STM32MP133DAG7, STM32MP133FAE7, STM32MP133FAF7, STM32MP133FAG7, STM32MP135AAE3, STM32MP135AAF3, STM32MP135AAG3, STM32MP135CAE3, STM32MP135CAF3, STM32MP135CAG3, STM32MP135DAE7, STM32MP135DAF7, STM32MP135DAG7, STM32MP135F-DK, STM32MP135FAE7, STM32MP135FAF7, STM32MP135FAF7T, STM32MP135FAF7U, STM32MP135FAG7, STM32U535CBT6, STM32U535CBT6Q, STM32U535CBU6, STM32U535CBU6Q, STM32U535CCT6, STM32U535CCT6Q, STM32U535CCU6, STM32U535CCU6Q, STM32U535CET6, STM32U535CET6Q, STM32U535CEU6, STM32U535CEU6Q, STM32U535JEY6QTR, STM32U535NCY6QTR, STM32U535NEY6QTR, STM32U535RBI6, STM32U535RBI6Q, STM32U535RBT6, STM32U535RBT6Q, STM32U535RCI6, STM32U535RCI6Q, STM32U535RCT6, STM32U535RCT6Q, STM32U535REI6, STM32U535REI6Q, STM32U535RET6, STM32U535RET6Q, STM32U535VCI6, STM32U535VCI6Q, STM32U535VCT6, STM32U535VCT6Q, STM32U535VEI6, STM32U535VEI6Q, STM32U535VET6, STM32U535VET6Q, STM32U545CET6, STM32U545CET6Q, STM32U545CEU6, STM32U545CEU6Q, STM32U545JEY6QTR, STM32U545NEY6QTR, STM32U545REI6, STM32U545REI6Q, STM32U545RET6, STM32U545RET6Q, STM32U545VEI6, STM32U545VEI6Q, STM32U545VET6, STM32U545VET6Q, STM32U595AIH6, STM32U595AIH6Q, STM32U595AJH6, STM32U595AJH6Q, STM32U595QII6, STM32U595QII6Q, STM32U595QJI6, STM32U595QJI6Q, STM32U595RIT6, STM32U595RIT6Q, STM32U595RJT6, STM32U595RJT6Q, STM32U595VIT6, STM32U595VIT6Q, STM32U595VJT6, STM32U595VJT6Q, STM32U595ZIT6, STM32U595ZIT6Q, STM32U595ZIY6QTR, STM32U595ZJT6, STM32U595ZJT6Q, STM32U595ZJY6QTR, STM32U599BJY6QTR, STM32U599NIH6Q, STM32U599NJH6Q, STM32U599VIT6Q, STM32U599VJT6, STM32U599VJT6Q, STM32U599ZIT6Q, STM32U599ZIY6QTR, STM32U599ZJT6Q, STM32U599ZJY6QTR, STM32U5A5AJH6, STM32U5A5AJH6Q, STM32U5A5QJI6, STM32U5A5QJI6Q, STM32U5A5RJT6, STM32U5A5RJT6Q, STM32U5A5VJT6, STM32U5A5VJT6Q, STM32U5A5ZJT6, STM32U5A5ZJT6Q, STM32U5A5ZJY6QTR, STM32U5A9BJY6QTR, STM32U5A9J-DK, STM32U5A9NJH6Q, STM32U5A9VJT6Q, STM32U5A9ZJT6Q, STM32U5A9ZJY6QTR, STM32U5F7VIT6, STM32U5F7VIT6Q, STM32U5F7VJT6, STM32U5F7VJT6Q, STM32U5F9BJY6QTR, STM32U5F9NJH6Q, STM32U5F9VIT6Q, STM32U5F9VJT6Q, STM32U5F9ZIJ6QTR, STM32U5F9ZIT6Q, STM32U5F9ZJJ6QTR, STM32U5F9ZJT6Q, STM32U5G7VJT6, STM32U5G7VJT6Q, STM32U5G9BJY6QTR, STM32U5G9J-DK1, STM32U5G9J-DK2, STM32U5G9NJH6Q, STM32U5G9VJT6Q, STM32U5G9ZJJ6QTR, STM32U5G9ZJT6Q, STM32WB1MMCH6, STM32WBA50KEU6, STM32WBA50KEU6TR, STM32WBA50KGU6, STM32WBA50KGU6TR, STM32WBA52CEU6, STM32WBA52CEU6TR, STM32WBA52CEU7, STM32WBA52CEU7TR, STM32WBA52CGU6, STM32WBA52CGU6TR, STM32WBA52CGU6U, STM32WBA52CGU7, STM32WBA52CGU7TR, STM32WBA52KEU6, STM32WBA52KEU6TR, STM32WBA52KGU6, STM32WBA52KGU6TR, STM32WBA54CEU6, STM32WBA54CEU6TR, STM32WBA54CEU7, STM32WBA54CEU7TR, STM32WBA54CGU6, STM32WBA54CGU6TR, STM32WBA54CGU7, STM32WBA54CGU7TR, STM32WBA54KEU6, STM32WBA54KEU6TR, STM32WBA54KEU7, STM32WBA54KEU7TR, STM32WBA54KGU6, STM32WBA54KGU6TR, STM32WBA54KGU7, STM32WBA54KGU7TR, STM32WBA55CEU6, STM32WBA55CEU6TR, STM32WBA55CEU7, STM32WBA55CEU7TR, STM32WBA55CGU6, STM32WBA55CGU6TR, STM32WBA55CGU6U, STM32WBA55CGU7, STM32WBA55CGU7TR, STM32WBA55G-DK1, STM32WBA55HEF6, STM32WBA55HEF7, STM32WBA55HGF6, STM32WBA55HGF7, STM32WBA55UEI6, STM32WBA55UEI6TR, STM32WBA55UEI7, STM32WBA55UEI7TR, STM32WBA55UGI6, STM32WBA55UGI6TR, STM32WBA55UGI7, STM32WBA55UGI7TR, STM32WL5MOCH6, STM32WL5MOCH6TR]
2024-02-28 18:32:47,838 [WARN] PackLoader:240 - Cannot read IP mode file for STMicroelectronics.X-CUBE-AI.8.1.0
2024-02-28 18:32:48,011 [WARN] PackLoader:240 - Cannot read IP mode file for STMicroelectronics.X-CUBE-MEMS1.10.0.0
2024-02-28 18:32:48,096 [INFO] BoardInfo:889 - No configuration file found for board P-NUCLEO-WB55
2024-02-28 18:32:48,096 [INFO] DbBoards:161 - Kit is not supported: P-NUCLEO-WB55
2024-02-28 18:32:48,107 [INFO] BoardInfo:889 - No configuration file found for board STEVAL-BFA001V1B
2024-02-28 18:32:48,107 [INFO] DbBoards:161 - Kit is not supported: STEVAL-BFA001V1B
2024-02-28 18:32:48,110 [INFO] BoardInfo:889 - No configuration file found for board STEVAL-BFA001V2B
2024-02-28 18:32:48,110 [INFO] DbBoards:161 - Kit is not supported: STEVAL-BFA001V2B
2024-02-28 18:32:48,255 [WARN] PackLoader:240 - Cannot read IP mode file for STMicroelectronics.X-CUBE-FREERTOS.1.1.0
2024-02-28 18:32:48,263 [WARN] PackLoader:240 - Cannot read IP mode file for STMicroelectronics.X-CUBE-ALS.1.0.1
2024-02-28 18:32:48,271 [WARN] PackLoader:240 - Cannot read IP mode file for STMicroelectronics.FP-ATR-ASTRA1.2.0.0
2024-02-28 18:32:48,272 [INFO] ThirdParty:978 - Integrity check success = true
2024-02-28 18:32:48,272 [INFO] IntegrityCheckThread:100 - exiting critical section [integrity check]
2024-02-28 18:32:48,272 [INFO] IntegrityCheckThread:103 - End integrity checks thread
2024-02-28 18:32:48,382 [INFO] DbBoards:168 - Found 193 boards, 190 are supported
2024-02-28 18:32:48,382 [INFO] DbBoards:169 - Found 193 boards, 3 of them is supported for  Bsp
2024-02-28 18:32:48,384 [INFO] ApiDb:423 - Load user favorites file C:\Users\a4211/.stm32cubeide/favorites.boards.txt: 0 item(s)
2024-02-28 18:32:48,385 [INFO] ApiDb:427 - User favorites Boards=[]
2024-02-28 18:32:48,385 [INFO] DbBoards:198 - Set 0 / 0 favorites Boards
2024-02-28 18:32:48,387 [INFO] ApiDb:668 - CubeFinder database Data Model version=2.1
2024-02-28 18:32:48,387 [INFO] ApiDb:669 - CubeFinder database Configuration version=3.0.39
2024-02-28 18:32:48,388 [INFO] ApiDb:670 - CubeFinder database generation date=2024-02-19 (1708350410)
2024-02-28 18:32:48,388 [INFO] ApiDb:671 - CubeFinder database FW Pack versions=[FP-ATR-ASTRA1_V2.0.0, FP-SNS-FLIGHT1_V5.0.1, FP-SNS-FLIGHT1_V5.0.2, FP-SNS-MOTENV1_V4.3.1, FP-SNS-MOTENV1_V4.3.2, FP-SNS-MOTENVWB1_V1.3.1, FP-SNS-SMARTAG2_V1.2.0, STM32Cube_FW_C0_V1.1.0, STM32Cube_FW_F4_V1.28.0, STM32Cube_FW_F7_V1.17.0, STM32Cube_FW_G0_V1.6.2, STM32Cube_FW_G4_V1.5.2, STM32Cube_FW_H5_V0.5.1, STM32Cube_FW_H5_V1.1.1, STM32Cube_FW_H5_V1.2.0RC2, STM32Cube_FW_H7_V1.11.0, STM32Cube_FW_L0_V1.12.2, STM32Cube_FW_L5_V1.5.0, STM32Cube_FW_U5_V1.3.0RC4, STM32Cube_FW_U5_V1.4.0, STM32Cube_FW_WBA_V1.0.0RC1, STM32Cube_FW_WBA_V1.1.0RC1, STM32Cube_FW_WBA_V1.2.0, STM32Cube_FW_WBA_V1.2.0RC2, STM32Cube_FW_WB_V1.15.0RC1, STM32Cube_FW_WB_V1.16.0, STM32Cube_FW_WB_V1.16.0RC2, STM32Cube_FW_WB_V1.18.0, STM32Cube_FW_WL_V1.3.0, X-CUBE-ALGOBUILD_V1.3.0, X-CUBE-ALS_V1.0.1, X-CUBE-AZRTOS-F4_V1.1.0, X-CUBE-AZRTOS-F7_V1.1.0, X-CUBE-AZRTOS-G0_V1.1.0, X-CUBE-AZRTOS-G4_V2.0.0, X-CUBE-AZRTOS-H7_V3.2.0, X-CUBE-AZRTOS-L4_V1.0.0, X-CUBE-AZRTOS-L4_V2.0.0, X-CUBE-AZRTOS-L5_V1.1.0, X-CUBE-AZRTOS-WB_V2.0.0, X-CUBE-AZRTOS-WL_V2.0.0, X-CUBE-BLE1_V7.0.0, X-CUBE-BLE2_V3.3.0, X-CUBE-BLEMGR_V3.0.0, X-CUBE-EEPRMA1_V4.1.0, X-CUBE-EEPRMA1_V5.1.0, X-CUBE-FREERTOS_V1.1.0, X-CUBE-GNSS1_V6.0.0, X-CUBE-MEMS1_V10.0.0, X-CUBE-MEMS1_V9.1.0, X-CUBE-MEMS1_V9.4.0, X-CUBE-MEMS1_V9.6.0, X-CUBE-NFC4_V3.0.0, X-CUBE-NFC7_V1.0.1, X-CUBE-SFXS2LP1_V4.0.0, X-CUBE-SUBG2_V5.0.0, X-CUBE-TOF1_V3.4.0]
2024-02-28 18:32:49,211 [ERROR] DbExamplesSqlite:437 - Missing JSON key: board_cpn
2024-02-28 18:32:49,211 [ERROR] DbExamplesSqlite:437 - Missing JSON key: board_cpn
2024-02-28 18:32:49,211 [ERROR] DbExamplesSqlite:437 - Missing JSON key: board_cpn
2024-02-28 18:32:49,211 [ERROR] DbExamplesSqlite:437 - Missing JSON key: board_cpn
2024-02-28 18:32:49,252 [INFO] DbExamplesSqlite:395 - Ignored 55 examples not supported by CubeIDE
2024-02-28 18:32:49,252 [INFO] DbExamplesSqlite:396 - Found 7564 examples active
2024-02-28 18:32:49,252 [INFO] DbExamplesSqlite:397 - Found 844 examples obsolete
2024-02-28 18:32:49,252 [INFO] DbExamplesSqlite:398 - Found 0 examples under development
2024-02-28 18:32:49,252 [INFO] DbExamplesSqlite:399 - Found 8 examples not building
2024-02-28 18:32:49,254 [INFO] DbExamples:125 - Found 7517 examples
2024-02-28 18:32:49,270 [INFO] DbExamples:222 - Found 95 boards with related examples
2024-02-28 18:32:49,271 [INFO] DbExamples:235 - Found 80 MCUs with related examples
2024-02-28 18:32:49,288 [INFO] ApiDb:423 - Load user favorites file C:\Users\a4211/.stm32cubeide/favorites.examples.txt: 0 item(s)
2024-02-28 18:32:49,288 [INFO] ApiDb:427 - User favorites Examples=[]
2024-02-28 18:32:49,289 [INFO] DbExamples:250 - Set 0 / 0 favorites Examples
2024-02-28 18:32:49,501 [INFO] McuFinderGlobals:76 - Set McuFinderConnectedMode to true
2024-02-28 18:32:49,513 [INFO] MultiScanPanel:200 - Auto-refresh data requested => check proxy status ongoing
2024-02-28 18:32:49,518 [INFO] FinderPluginLoader:95 - Searching for filters in installed packs
2024-02-28 18:32:50,712 [INFO] LoadUrlFilesThread:185 - End of LoadServerUrlFiles without Thread
2024-02-28 18:32:50,725 [INFO] DetailPanel:341 - Set advertising image to C:/Users/a4211/STM32Cube/Repository/\en.prom-stm32wl3-mcu-finder.jpg
2024-02-28 18:32:57,050 [ERROR] LogOutputStream:75 - [STDERR_REDIRECT] SLF4J: Failed to load class "org.slf4j.impl.StaticLoggerBinder".
2024-02-28 18:32:57,052 [ERROR] LogOutputStream:75 - [STDERR_REDIRECT] SLF4J: Defaulting to no-operation (NOP) logger implementation
2024-02-28 18:32:57,055 [ERROR] LogOutputStream:75 - [STDERR_REDIRECT] SLF4J: See http://www.slf4j.org/codes.html#StaticLoggerBinder for further details.
2024-02-28 18:32:59,585 [INFO] MultiScanPanel:200 - Auto-refresh data requested => check proxy status ongoing
2024-02-28 18:32:59,763 [INFO] LoadUrlFilesThread:185 - End of LoadServerUrlFiles without Thread
2024-02-28 18:32:59,764 [INFO] DetailPanel:341 - Set advertising image to C:/Users/a4211/STM32Cube/Repository/\en.prom-stm32wl3-mcu-finder.jpg
2024-02-28 18:32:59,777 [INFO] MultiScanPanel:728 - adjusting invalid saved split location: 2.35
2024-02-28 18:32:59,780 [INFO] DbBoards:642 - Loading board mini-images...
2024-02-28 18:33:00,706 [ERROR] DbBoards:659 - Image file not found for board NUCLEO-WBA55CG: C:\Users\a4211\.stmcufinder\plugins\mcufinder//mcu//boards_images/NUCLEO-WBA55CG.jpg
2024-02-28 18:33:01,719 [ERROR] DbBoards:659 - Image file not found for board STM32WBA55G-DK1: C:\Users\a4211\.stmcufinder\plugins\mcufinder//mcu//boards_images/STM32WBA55G-DK1.jpg
2024-02-28 18:33:01,719 [INFO] DbBoards:665 - Loaded 191 board mini-images
2024-02-28 18:33:01,816 [INFO] MultiScanPanel:728 - adjusting invalid saved split location: 2.35
2024-02-28 18:33:17,543 [INFO] MetaSearchPanel:254 - search for filter with key=Nucleo-144
2024-02-28 18:33:17,543 [INFO] MetaSearchPanel:355 - search for filter component Type
2024-02-28 18:33:17,544 [INFO] MetaSearchPanel:329 - Collapse all filters sections
2024-02-28 18:33:23,059 [INFO] MetaSearchPanel:254 - search for filter with key=Nucleo-144
2024-02-28 18:33:23,059 [INFO] MetaSearchPanel:355 - search for filter component Type
2024-02-28 18:33:23,059 [INFO] MetaSearchPanel:329 - Collapse all filters sections
2024-02-28 18:35:02,620 [INFO] MainUpdater:2873 - connection check result : 10
2024-02-28 18:35:02,620 [INFO] MainUpdater:2873 - connection check result : 10
2024-02-28 18:35:02,648 [INFO] MicroXplorer:468 - Change Database Path : 
2024-02-28 18:35:02,649 [INFO] MicroXplorer:498 - Change Database Version : DB.6.0.100
2024-02-28 18:35:02,656 [WARN] ThirdParty:871 - waiting for thirdparty lock release [close project]
2024-02-28 18:35:02,656 [INFO] ThirdParty:873 - entering critical section [close project]
2024-02-28 18:35:02,658 [INFO] ThirdParty:883 - exiting critical section [close project]
2024-02-28 18:35:02,661 [INFO] PinOutPanel:1499 - setPackage(No Configuration,No Configuration)
2024-02-28 18:35:02,665 [INFO] UtilMem:75 - Begin LoadConfig() Used Memory: 865404800 Bytes (1073741824)
2024-02-28 18:35:02,676 [INFO] OpenFileManager:312 - Change cursor
2024-02-28 18:35:02,720 [INFO] ProjectFactory:440 - No CPN specified for board NUCLEO-F767ZI => set CPN to STM32F767ZIT6
2024-02-28 18:35:02,721 [INFO] Mcu:2016 - Initializing MCU STM32F767ZITx STM32F767ZITx STM32F767ZIT6
2024-02-28 18:35:06,212 [INFO] Context:659 - Trying to add GPIOservice into a context  which must be forbidden
2024-02-28 18:35:07,012 [INFO] Rule:228 - rule 117617 - U5Cobra4M][GTZC] default value MPCBB3 and MPCBB5 - Not Secured memory - MPCBB1 is applicable
2024-02-28 18:35:07,012 [INFO] Rule:228 - rule 117617 - U5Cobra4M][GTZC] default value MPCBB3 and MPCBB5 - Not Secured memory - MPCBB1 is applicable
2024-02-28 18:35:07,012 [INFO] Rule:228 - rule 117617 - U5Cobra4M][GTZC] default value MPCBB3 and MPCBB5 - Not Secured memory - MPCBB2 is applicable
2024-02-28 18:35:07,012 [INFO] Rule:228 - rule 117617 - U5Cobra4M][GTZC] default value MPCBB3 and MPCBB5 - Not Secured memory - MPCBB2 is applicable
2024-02-28 18:35:07,012 [INFO] Rule:228 - rule 117617 - U5Cobra4M][GTZC] default value MPCBB3 and MPCBB5 - Not Secured memory - MPCBB3 is applicable
2024-02-28 18:35:07,012 [INFO] Rule:228 - rule 117617 - U5Cobra4M][GTZC] default value MPCBB3 and MPCBB5 - Not Secured memory - MPCBB3 is applicable
2024-02-28 18:35:07,012 [INFO] Rule:228 - rule 117617 - U5Cobra4M][GTZC] default value MPCBB3 and MPCBB5 - Not Secured memory - MPCBB4 is applicable
2024-02-28 18:35:07,013 [INFO] Rule:228 - rule 117617 - U5Cobra4M][GTZC] default value MPCBB3 and MPCBB5 - Not Secured memory - MPCBB4 is applicable
2024-02-28 18:35:07,013 [INFO] Rule:228 - rule 117617 - U5Cobra4M][GTZC] default value MPCBB3 and MPCBB5 - Secured memory - MPCBB1 is applicable
2024-02-28 18:35:07,013 [INFO] Rule:228 - rule 117617 - U5Cobra4M][GTZC] default value MPCBB3 and MPCBB5 - Secured memory - MPCBB2 is applicable
2024-02-28 18:35:07,013 [INFO] Rule:228 - rule 117617 - U5Cobra4M][GTZC] default value MPCBB3 and MPCBB5 - Secured memory - MPCBB3 is applicable
2024-02-28 18:35:07,013 [INFO] Rule:228 - rule 117617 - U5Cobra4M][GTZC] default value MPCBB3 and MPCBB5 - Secured memory - MPCBB4 is applicable
2024-02-28 18:35:07,013 [INFO] Rule:228 - rule 117617 - U5Cobra4M][GTZC] default value MPCBB3 and MPCBB5 - Privileged memory - MPCBB1 is applicable
2024-02-28 18:35:07,013 [INFO] Rule:228 - rule 117617 - U5Cobra4M][GTZC] default value MPCBB3 and MPCBB5 - Privileged memory - MPCBB2 is applicable
2024-02-28 18:35:07,013 [INFO] Rule:228 - rule 117617 - U5Cobra4M][GTZC] default value MPCBB3 and MPCBB5 - Privileged memory - MPCBB3 is applicable
2024-02-28 18:35:07,013 [INFO] Rule:228 - rule 117617 - U5Cobra4M][GTZC] default value MPCBB3 and MPCBB5 - Privileged memory - MPCBB4 is applicable
2024-02-28 18:35:07,013 [INFO] Rule:228 - rule 117617 - U5Cobra4M][GTZC] default value MPCBB3 and MPCBB5 - Not Privileged memory - MPCBB1 is applicable
2024-02-28 18:35:07,013 [INFO] Rule:228 - rule 117617 - U5Cobra4M][GTZC] default value MPCBB3 and MPCBB5 - Not Privileged memory - MPCBB2 is applicable
2024-02-28 18:35:07,013 [INFO] Rule:228 - rule 117617 - U5Cobra4M][GTZC] default value MPCBB3 and MPCBB5 - Not Privileged memory - MPCBB3 is applicable
2024-02-28 18:35:07,013 [INFO] Rule:228 - rule 117617 - U5Cobra4M][GTZC] default value MPCBB3 and MPCBB5 - Not Privileged memory - MPCBB4 is applicable
2024-02-28 18:35:07,014 [INFO] Rule:228 - rule 117617 - U5Cobra4M][GTZC] default value MPCBB3 and MPCBB5 - Privileged memory - MPCBB1 is applicable
2024-02-28 18:35:07,014 [INFO] Rule:228 - rule 117617 - U5Cobra4M][GTZC] default value MPCBB3 and MPCBB5 - Privileged memory - MPCBB2 is applicable
2024-02-28 18:35:07,014 [INFO] Rule:228 - rule 117617 - U5Cobra4M][GTZC] default value MPCBB3 and MPCBB5 - Privileged memory - MPCBB3 is applicable
2024-02-28 18:35:07,014 [INFO] Rule:228 - rule 117617 - U5Cobra4M][GTZC] default value MPCBB3 and MPCBB5 - Privileged memory - MPCBB4 is applicable
2024-02-28 18:35:07,014 [INFO] Rule:228 - rule 117617 - U5Cobra4M][GTZC] default value MPCBB3 and MPCBB5 - Privileged memory - MPCBB1 is applicable
2024-02-28 18:35:07,014 [INFO] Rule:228 - rule 117617 - U5Cobra4M][GTZC] default value MPCBB3 and MPCBB5 - Privileged memory - MPCBB2 is applicable
2024-02-28 18:35:07,014 [INFO] Rule:228 - rule 117617 - U5Cobra4M][GTZC] default value MPCBB3 and MPCBB5 - Privileged memory - MPCBB3 is applicable
2024-02-28 18:35:07,014 [INFO] Rule:228 - rule 117617 - U5Cobra4M][GTZC] default value MPCBB3 and MPCBB5 - Privileged memory - MPCBB4 is applicable
2024-02-28 18:35:07,014 [INFO] Rule:228 - rule 117617 - U5Cobra4M][GTZC] default value MPCBB3 and MPCBB5 - Not Privileged memory - MPCBB1 is applicable
2024-02-28 18:35:07,014 [INFO] Rule:228 - rule 117617 - U5Cobra4M][GTZC] default value MPCBB3 and MPCBB5 - Not Privileged memory - MPCBB2 is applicable
2024-02-28 18:35:07,014 [INFO] Rule:228 - rule 117617 - U5Cobra4M][GTZC] default value MPCBB3 and MPCBB5 - Not Privileged memory - MPCBB3 is applicable
2024-02-28 18:35:07,015 [INFO] Rule:228 - rule 117617 - U5Cobra4M][GTZC] default value MPCBB3 and MPCBB5 - Not Privileged memory - MPCBB4 is applicable
2024-02-28 18:35:07,015 [INFO] Rule:228 - rule 117617 - U5Cobra4M][GTZC] default value MPCBB3 and MPCBB5 - Privileged memory - MPCBB1 is applicable
2024-02-28 18:35:07,015 [INFO] Rule:228 - rule 117617 - U5Cobra4M][GTZC] default value MPCBB3 and MPCBB5 - Privileged memory - MPCBB2 is applicable
2024-02-28 18:35:07,015 [INFO] Rule:228 - rule 117617 - U5Cobra4M][GTZC] default value MPCBB3 and MPCBB5 - Privileged memory - MPCBB3 is applicable
2024-02-28 18:35:07,015 [INFO] Rule:228 - rule 117617 - U5Cobra4M][GTZC] default value MPCBB3 and MPCBB5 - Privileged memory - MPCBB4 is applicable
2024-02-28 18:35:07,015 [INFO] Rule:228 - rule Rename SubGHz_Phy SUBGHZ_APPLICATION SUBGHZ_PINGPONG to SUBGHZ_ADV_APPLICATION is applicable
2024-02-28 18:35:07,015 [INFO] Rule:228 - rule Rename Enabled to IBEACON is applicable
2024-02-28 18:35:07,015 [INFO] Rule:228 - rule GTZC_S instance for project manager is applicable
2024-02-28 18:35:07,015 [INFO] Rule:228 - rule GTZC_S instance for context M33S is applicable
2024-02-28 18:35:07,015 [INFO] Rule:228 - rule GTZC_S instance value for IP GTZC is applicable
2024-02-28 18:35:07,015 [INFO] Rule:228 - rule GTZC_S instance for mcu.IP is applicable
2024-02-28 18:35:07,015 [INFO] Rule:228 - rule GTZC_S instance for VP is applicable
2024-02-28 18:35:07,015 [INFO] Rule:228 - rule GTZC_S instance for signal is applicable
2024-02-28 18:35:07,016 [INFO] Rule:228 - rule GTZC_S instance for mcu.Pin is applicable
2024-02-28 18:35:07,016 [INFO] Rule:228 - rule GTZC_S instance for VP is applicable
2024-02-28 18:35:07,016 [INFO] Rule:228 - rule GTZC_S instance for signal is applicable
2024-02-28 18:35:07,016 [INFO] Rule:228 - rule GTZC_S instance for mcu is applicable
2024-02-28 18:35:07,016 [INFO] Rule:228 - rule GTZC_S instance for mcu.Pin is applicable
2024-02-28 18:35:07,016 [INFO] Rule:228 - rule GTZC_S instance value for IP GTZC is applicable
2024-02-28 18:35:07,016 [INFO] Rule:228 - rule GTZC_S instance for project manager is applicable
2024-02-28 18:35:07,016 [INFO] Rule:228 - rule GTZC_S instance for context M33S is applicable
2024-02-28 18:35:07,016 [INFO] Rule:228 - rule GTZC_S instance for VP is applicable
2024-02-28 18:35:07,016 [INFO] Rule:228 - rule GTZC_S instance for signal is applicable
2024-02-28 18:35:07,016 [INFO] Rule:228 - rule WakeUp0 Mode is applicable
2024-02-28 18:35:07,017 [INFO] Rule:228 - rule WakeUp0 SIGNAL is applicable
2024-02-28 18:35:07,017 [INFO] Rule:228 - rule WakeUp1 Mode is applicable
2024-02-28 18:35:07,017 [INFO] Rule:228 - rule WakeUp1 SIGNAL is applicable
2024-02-28 18:35:07,017 [INFO] Rule:228 - rule WakeUp2 Mode is applicable
2024-02-28 18:35:07,017 [INFO] Rule:228 - rule WakeUp2 SIGNAL is applicable
2024-02-28 18:35:07,017 [INFO] Rule:228 - rule WakeUp4 Mode is applicable
2024-02-28 18:35:07,017 [INFO] Rule:228 - rule WakeUp4 SIGNAL is applicable
2024-02-28 18:35:07,017 [INFO] Rule:228 - rule WakeUp5 Mode is applicable
2024-02-28 18:35:07,017 [INFO] Rule:228 - rule WakeUp5 SIGNAL is applicable
2024-02-28 18:35:07,018 [INFO] Rule:228 - rule Change Default Value for LSE Drive Capability for WB family is applicable
2024-02-28 18:35:07,018 [INFO] Rule:228 - rule Change Default Value for ADC Clock Prescaler G0 family is applicable
2024-02-28 18:35:07,019 [INFO] Rule:228 - rule Change USART1CLockSelection refparam name for MP1 is applicable
2024-02-28 18:35:07,019 [INFO] Rule:228 - rule Change USART2CLockSelection refparam name for MP1 is applicable
2024-02-28 18:35:07,019 [INFO] Rule:228 - rule Change USART3CLockSelection refparam name for MP1 is applicable
2024-02-28 18:35:07,019 [INFO] Rule:228 - rule Change UART4CLockSelection refparam name for MP1 is applicable
2024-02-28 18:35:07,020 [INFO] Rule:228 - rule Change UART5CLockSelection refparam name for MP1 is applicable
2024-02-28 18:35:07,020 [INFO] Rule:228 - rule Change LPUART1CLockSelection refparam name for MP1 is applicable
2024-02-28 18:35:07,020 [INFO] Rule:228 - rule Change LPTIM1CLockSelection refparam name for MP1 is applicable
2024-02-28 18:35:07,020 [INFO] Rule:228 - rule Change LPTIM2CLockSelection refparam name for MP1 is applicable
2024-02-28 18:35:07,020 [INFO] Rule:228 - rule Change RCC_MCO1Source refparam name for MP1 is applicable
2024-02-28 18:35:07,020 [INFO] Rule:228 - rule Change LSCOSource1 refparam name for MP1 is applicable
2024-02-28 18:35:07,020 [INFO] Rule:228 - rule Change SMPSCLockSelection refparam name for MP1 is applicable
2024-02-28 18:35:07,020 [INFO] Rule:228 - rule Change LPTIM3CLockSelection refparam name for MP1 is applicable
2024-02-28 18:35:07,020 [INFO] Rule:228 - rule Change MPCBB* Default Template Mode to Parameters is applicable
2024-02-28 18:35:07,020 [INFO] Rule:228 - rule Change MPCWM* or MPCBB* Secure Mode to Parameters is applicable
2024-02-28 18:35:07,021 [INFO] Rule:228 - rule Change MPCWM* or MPCBB* No Secure Mode to Parameters is applicable
2024-02-28 18:35:07,021 [INFO] Rule:228 - rule Change TZSC IP Secure Mode to Parameters is applicable
2024-02-28 18:35:07,021 [INFO] Rule:228 - rule Change TZSC IP No Secure Mode to Parameters is applicable
2024-02-28 18:35:07,021 [INFO] Rule:228 - rule Change TZSC IP Privilege Mode to Parameters is applicable
2024-02-28 18:35:07,021 [INFO] Rule:228 - rule Change TZSC IP No Privilege Mode to Parameters is applicable
2024-02-28 18:35:07,021 [INFO] Rule:228 - rule Change TZIC IT Secure Mode to Parameters is applicable
2024-02-28 18:35:07,021 [INFO] Rule:228 - rule Change TZIC IT No Secure Mode to Parameters is applicable
2024-02-28 18:35:07,021 [INFO] Rule:228 - rule Add MPCBB1_NonSecureArea_Start_Address value with referenced to MPCBB1_NonSecureArea_Start value is applicable
2024-02-28 18:35:07,021 [INFO] Rule:228 - rule Add MPCBB2_NonSecureArea_Start_Address value with referenced to MPCBB2_NonSecureArea_Start value is applicable
2024-02-28 18:35:07,021 [INFO] Rule:228 - rule Add MPCWM1_NonSecureArea*_Start_Address value with referenced to MPCWM1_NonSecureArea*_Start value is applicable
2024-02-28 18:35:07,022 [INFO] Rule:228 - rule Add MPCWM2_NonSecureArea*_Start_Address value with referenced to MPCWM2_NonSecureArea*_Start value is applicable
2024-02-28 18:35:07,022 [INFO] Rule:228 - rule Add MPCWM3_NonSecureArea_Start_Address value with referenced to MPCWM3_NonSecureArea_Start value is applicable
2024-02-28 18:35:07,022 [INFO] Rule:228 - rule Change Default Value for PLL1UserDefinedConfig is applicable
2024-02-28 18:35:07,022 [INFO] Rule:228 - rule OPAMP is applicable
2024-02-28 18:35:07,022 [INFO] Rule:228 - rule LPUART IPParameter rename Prescaler parameter to ClockPrescaler for STM32H7 is applicable
2024-02-28 18:35:07,022 [INFO] Rule:228 - rule LPUART IPParameter rename Prescaler parameter to ClockPrescaler for STM32H7 is applicable
2024-02-28 18:35:07,022 [INFO] Rule:228 - rule LPUART IPParameter rename Prescaler parameter to ClockPrescaler for STM32WB is applicable
2024-02-28 18:35:07,022 [INFO] Rule:228 - rule LPUART IPParameter rename Prescaler parameter to ClockPrescaler for STM32WB is applicable
2024-02-28 18:35:07,022 [INFO] Rule:228 - rule LPUART IPParameter rename Prescaler parameter to ClockPrescaler for STM32G4 is applicable
2024-02-28 18:35:07,022 [INFO] Rule:228 - rule LPUART IPParameter rename Prescaler parameter to ClockPrescaler for STM32G4 is applicable
2024-02-28 18:35:07,022 [INFO] Rule:228 - rule LPUART IPParameter rename Prescaler parameter to ClockPrescaler for STM32L5 is applicable
2024-02-28 18:35:07,023 [INFO] Rule:228 - rule LPUART IPParameter rename Prescaler parameter to ClockPrescaler for STM32L5 is applicable
2024-02-28 18:35:07,023 [INFO] Rule:228 - rule LPUART IPParameter rename Prescaler parameter to ClockPrescaler for STM32G4 is applicable
2024-02-28 18:35:07,023 [INFO] Rule:228 - rule LPUART IPParameter rename Prescaler parameter to ClockPrescaler for STM32G4 is applicable
2024-02-28 18:35:07,023 [INFO] Rule:228 - rule USB device lib V2.5.3 for L0 rename USBD_SUPPORT_USER_STRING parameter to USBD_SUPPORT_USER_STRING_DESC4 is applicable
2024-02-28 18:35:07,023 [INFO] Rule:228 - rule I2SCLockSelection clock entry align is applicable
2024-02-28 18:35:07,023 [INFO] Rule:228 - rule Assign TIMx context if used as SYS timebase is applicable
2024-02-28 18:35:07,023 [INFO] Rule:228 - rule Change GPIO_Pu Default Value for I2C is applicable
2024-02-28 18:35:07,023 [INFO] Rule:228 - rule Change GPIO_Pu Default Value for SMBus is applicable
2024-02-28 18:35:07,023 [INFO] Rule:228 - rule change FDCAN default value is applicable
2024-02-28 18:35:07,023 [INFO] Rule:228 - rule Rename STM32WPAN CFG_BLE_IRK to CFG_BLE_IR is applicable
2024-02-28 18:35:07,023 [INFO] Rule:228 - rule Rename STM32WPAN CFG_BLE_ERK to CFG_BLE_ER is applicable
2024-02-28 18:35:07,023 [INFO] Rule:228 - rule Rename STM32WPAN CFG_BLE_IRK_HEX to CFG_BLE_IR_HEX is applicable
2024-02-28 18:35:07,024 [INFO] Rule:228 - rule Rename STM32WPAN CFG_BLE_ERK_HEX to CFG_BLE_ER_HEX is applicable
2024-02-28 18:35:07,027 [INFO] DbConfProperties:307 - Apply Compatibility (3/114 Rules)
2024-02-28 18:35:07,203 [WARN] ModelIntegratedComponent:63 - No mode defined for component null
2024-02-28 18:35:07,203 [WARN] ModelIntegratedComponent:63 - No mode defined for component null
2024-02-28 18:35:07,203 [WARN] ModelIntegratedComponent:63 - No mode defined for component null
2024-02-28 18:35:07,203 [WARN] ModelIntegratedComponent:63 - No mode defined for component null
2024-02-28 18:35:07,203 [WARN] ModelIntegratedComponent:63 - No mode defined for component null
2024-02-28 18:35:07,203 [WARN] ModelIntegratedComponent:63 - No mode defined for component null
2024-02-28 18:35:07,203 [WARN] ModelIntegratedComponent:63 - No mode defined for component null
2024-02-28 18:35:07,203 [WARN] ModelIntegratedComponent:63 - No mode defined for component null
2024-02-28 18:35:07,203 [WARN] ModelIntegratedComponent:63 - No mode defined for component null
2024-02-28 18:35:07,203 [WARN] ModelIntegratedComponent:63 - No mode defined for component null
2024-02-28 18:35:07,204 [WARN] ModelIntegratedComponent:63 - No mode defined for component null
2024-02-28 18:35:07,204 [WARN] ModelIntegratedComponent:63 - No mode defined for component null
2024-02-28 18:35:07,204 [WARN] ModelIntegratedComponent:63 - No mode defined for component null
2024-02-28 18:35:07,204 [WARN] ModelIntegratedComponent:63 - No mode defined for component null
2024-02-28 18:35:07,204 [WARN] ModelIntegratedComponent:63 - No mode defined for component null
2024-02-28 18:35:07,204 [WARN] ModelIntegratedComponent:63 - No mode defined for component null
2024-02-28 18:35:07,204 [WARN] ModelIntegratedComponent:63 - No mode defined for component null
2024-02-28 18:35:07,204 [WARN] ModelIntegratedComponent:63 - No mode defined for component null
2024-02-28 18:35:07,204 [WARN] ModelIntegratedComponent:63 - No mode defined for component null
2024-02-28 18:35:07,204 [WARN] ModelIntegratedComponent:63 - No mode defined for component null
2024-02-28 18:35:07,205 [WARN] ModelIntegratedComponent:63 - No mode defined for component null
2024-02-28 18:35:07,205 [WARN] ModelIntegratedComponent:63 - No mode defined for component null
2024-02-28 18:35:07,205 [WARN] ModelIntegratedComponent:63 - No mode defined for component null
2024-02-28 18:35:07,205 [WARN] ModelIntegratedComponent:63 - No mode defined for component null
2024-02-28 18:35:07,205 [WARN] ModelIntegratedComponent:63 - No mode defined for component null
2024-02-28 18:35:07,205 [WARN] ModelIntegratedComponent:63 - No mode defined for component null
2024-02-28 18:35:07,205 [WARN] ModelIntegratedComponent:63 - No mode defined for component null
2024-02-28 18:35:07,205 [WARN] ModelIntegratedComponent:63 - No mode defined for component null
2024-02-28 18:35:07,205 [WARN] ModelIntegratedComponent:63 - No mode defined for component null
2024-02-28 18:35:07,205 [WARN] ModelIntegratedComponent:63 - No mode defined for component null
2024-02-28 18:35:07,205 [WARN] ModelIntegratedComponent:63 - No mode defined for component null
2024-02-28 18:35:07,206 [WARN] ModelIntegratedComponent:63 - No mode defined for component null
2024-02-28 18:35:07,206 [WARN] ModelIntegratedComponent:63 - No mode defined for component null
2024-02-28 18:35:07,321 [INFO] RtosManager:555 - Registered RTOS mode: class=CMSIS, group=RTOS, mode=CMSIS_V1, owner=FREERTOS
2024-02-28 18:35:07,321 [INFO] RtosManager:555 - Registered RTOS mode: class=CMSIS, group=RTOS2, mode=CMSIS_V2, owner=FREERTOS
2024-02-28 18:35:07,321 [INFO] RtosManager:555 - Registered RTOS mode: class=RTOS, group=Core, mode=CMSIS_V1, owner=FREERTOS
2024-02-28 18:35:07,321 [INFO] RtosManager:555 - Registered RTOS mode: class=RTOS, group=Core, mode=CMSIS_V2, owner=FREERTOS
2024-02-28 18:35:07,321 [WARN] ModelIntegratedComponent:184 - Missing modes for component STMicroelectronics:FreeRTOS:0.0.1:STMicroelectronics:RTOS:FreeRTOS:Core:::10.2.0:
2024-02-28 18:35:07,333 [INFO] ThirdPartyModel:298 - Start build external matchings
2024-02-28 18:35:07,401 [INFO] ThirdPartyModel:316 - End build external matchings
2024-02-28 18:35:07,407 [INFO] ImportTextPane:194 - (OptionalMessage_ERROR) IP (ETH) : Invalid parameter (PHY_Name)
2024-02-28 18:35:07,407 [INFO] ImportTextPane:194 - (OptionalMessage_ERROR) IP (ETH) : Invalid parameter (PHY_Value)
2024-02-28 18:35:07,407 [INFO] ImportTextPane:194 - (OptionalMessage_ERROR) IP (ETH) : Invalid parameter (PhyAddress)
2024-02-28 18:35:07,409 [INFO] ImportTextPane:194 - (OptionalMessage_ERROR) IP (RCC) : Invalid parameter (48MHZClocksFreq_Value)
2024-02-28 18:35:07,409 [INFO] ImportTextPane:194 - (OptionalMessage_ERROR) IP (RCC) : Invalid parameter (ADC12outputFreq_Value)
2024-02-28 18:35:07,409 [INFO] ImportTextPane:194 - (OptionalMessage_ERROR) IP (RCC) : Invalid parameter (ADC34outputFreq_Value)
2024-02-28 18:35:07,410 [INFO] ImportTextPane:194 - (OptionalMessage_ERROR) IP (RCC) : Invalid parameter (FamilyName)
2024-02-28 18:35:07,410 [INFO] ImportTextPane:194 - (OptionalMessage_ERROR) IP (RCC) : Invalid parameter (I2SClocksFreq_Value)
2024-02-28 18:35:07,410 [INFO] ImportTextPane:194 - (OptionalMessage_ERROR) IP (RCC) : Invalid parameter (LCDTFToutputFreq_Value)
2024-02-28 18:35:07,410 [INFO] ImportTextPane:194 - (OptionalMessage_ERROR) IP (RCC) : Invalid parameter (MCOFreq_Value)
2024-02-28 18:35:07,411 [INFO] ImportTextPane:194 - (OptionalMessage_ERROR) IP (RCC) : Invalid parameter (PLLMCOFreq_Value)
2024-02-28 18:35:07,411 [INFO] ImportTextPane:194 - (OptionalMessage_ERROR) IP (RCC) : Invalid parameter (PLLMUL)
2024-02-28 18:35:07,411 [INFO] ImportTextPane:194 - (OptionalMessage_ERROR) IP (RCC) : Invalid parameter (PRESCALERUSB)
2024-02-28 18:35:07,411 [INFO] ImportTextPane:194 - (OptionalMessage_ERROR) IP (RCC) : Invalid parameter (RTCHSEDivFreq_Value)
2024-02-28 18:35:07,411 [INFO] ImportTextPane:194 - (OptionalMessage_ERROR) IP (RCC) : Parameter (SDMMC2Freq_Value) has invalid value (96000000)
2024-02-28 18:35:07,412 [INFO] ImportTextPane:194 - (OptionalMessage_ERROR) IP (RCC) : Parameter (SDMMCFreq_Value) has invalid value (96000000)
2024-02-28 18:35:07,412 [INFO] ImportTextPane:194 - (OptionalMessage_ERROR) IP (RCC) : Invalid parameter (SYSCLKSourceVirtual)
2024-02-28 18:35:07,412 [INFO] ImportTextPane:194 - (OptionalMessage_ERROR) IP (RCC) : Invalid parameter (TIM15Freq_Value)
2024-02-28 18:35:07,412 [INFO] ImportTextPane:194 - (OptionalMessage_ERROR) IP (RCC) : Invalid parameter (TIM16Freq_Value)
2024-02-28 18:35:07,412 [INFO] ImportTextPane:194 - (OptionalMessage_ERROR) IP (RCC) : Invalid parameter (TIM17Freq_Value)
2024-02-28 18:35:07,412 [INFO] ImportTextPane:194 - (OptionalMessage_ERROR) IP (RCC) : Invalid parameter (TIM1Freq_Value)
2024-02-28 18:35:07,412 [INFO] ImportTextPane:194 - (OptionalMessage_ERROR) IP (RCC) : Invalid parameter (TIM20Freq_Value)
2024-02-28 18:35:07,412 [INFO] ImportTextPane:194 - (OptionalMessage_ERROR) IP (RCC) : Invalid parameter (TIM2Freq_Value)
2024-02-28 18:35:07,412 [INFO] ImportTextPane:194 - (OptionalMessage_ERROR) IP (RCC) : Invalid parameter (TIM3Freq_Value)
2024-02-28 18:35:07,412 [INFO] ImportTextPane:194 - (OptionalMessage_ERROR) IP (RCC) : Invalid parameter (TIM8Freq_Value)
2024-02-28 18:35:07,413 [INFO] ImportTextPane:194 - (OptionalMessage_ERROR) IP (RCC) : Invalid parameter (VCOOutput2Freq_Value)
2024-02-28 18:35:07,414 [INFO] ImportTextPane:194 - (OptionalMessage_ERROR) IP (RCC) : Invalid parameter (VcooutputI2S)
2024-02-28 18:35:08,051 [INFO] UtilMem:75 - End LoadConfig() Used Memory: 774311792 Bytes (1073741824)
2024-02-28 18:35:08,260 [INFO] MicroXplorer:468 - Change Database Path : 
2024-02-28 18:35:08,260 [INFO] MicroXplorer:498 - Change Database Version : DB.6.0.100
2024-02-28 18:35:08,261 [WARN] ThirdParty:833 - waiting for thirdparty lock release [change project]
2024-02-28 18:35:08,261 [INFO] ThirdParty:835 - entering critical section [change project]
2024-02-28 18:35:08,261 [INFO] ThirdParty:1030 - CMSIS Pack Vendor :STMicroelectronics USBPD 4.1
2024-02-28 18:35:08,261 [INFO] ThirdParty:1030 - CMSIS Pack Vendor :STMicroelectronics X-CUBE-DISPLAY 3.0.0
2024-02-28 18:35:08,261 [INFO] ThirdParty:1030 - CMSIS Pack Vendor :STMicroelectronics X-CUBE-GNSS1 6.0.0
2024-02-28 18:35:08,261 [INFO] ThirdParty:1030 - CMSIS Pack Vendor :STMicroelectronics USB_HOST 2.0.0
2024-02-28 18:35:08,261 [INFO] ThirdParty:1030 - CMSIS Pack Vendor :STMicroelectronics LIBJPEG 8.0.0
2024-02-28 18:35:08,261 [INFO] ThirdParty:1030 - CMSIS Pack Vendor :STMicroelectronics X-CUBE-BLE1 7.0.0
2024-02-28 18:35:08,262 [INFO] ThirdParty:1030 - CMSIS Pack Vendor :STMicroelectronics FP-ATR-SIGFOX1 3.2.0
2024-02-28 18:35:08,262 [INFO] ThirdParty:1030 - CMSIS Pack Vendor :STMicroelectronics USB_DEVICE 3.0.0
2024-02-28 18:35:08,262 [INFO] ThirdParty:1030 - CMSIS Pack Vendor :STMicroelectronics HAL Drivers 0.0.0
2024-02-28 18:35:08,262 [INFO] ThirdParty:1030 - CMSIS Pack Vendor :STMicroelectronics MBEDTLS 2.16.2
2024-02-28 18:35:08,262 [INFO] ThirdParty:1030 - CMSIS Pack Vendor :STMicroelectronics X-CUBE-MEMS1 10.0.0
2024-02-28 18:35:08,262 [INFO] ThirdParty:1030 - CMSIS Pack Vendor :STMicroelectronics X-CUBE-FREERTOS 1.1.0
2024-02-28 18:35:08,262 [INFO] ThirdParty:1030 - CMSIS Pack Vendor :STMicroelectronics MBEDTLS 2.14.1
2024-02-28 18:35:08,262 [INFO] ThirdParty:1030 - CMSIS Pack Vendor :STMicroelectronics X-CUBE-ALS 1.0.1
2024-02-28 18:35:08,262 [INFO] ThirdParty:1030 - CMSIS Pack Vendor :STMicroelectronics USB_DEVICE 2.0.0
2024-02-28 18:35:08,262 [INFO] ThirdParty:1030 - CMSIS Pack Vendor :STMicroelectronics ThreadX 1.0.0
2024-02-28 18:35:08,262 [INFO] ThirdParty:1030 - CMSIS Pack Vendor :STMicroelectronics FP-SNS-SMARTAG2 1.2.0
2024-02-28 18:35:08,262 [INFO] ThirdParty:1030 - CMSIS Pack Vendor :STMicroelectronics FP-SNS-MOTENV1 4.3.2
2024-02-28 18:35:08,262 [INFO] ThirdParty:1030 - CMSIS Pack Vendor :STMicroelectronics FreeRTOS 0.0.1
2024-02-28 18:35:08,262 [INFO] ThirdParty:1030 - CMSIS Pack Vendor :STMicroelectronics USB_DEVICE 1.0.0
2024-02-28 18:35:08,262 [INFO] ThirdParty:1030 - CMSIS Pack Vendor :STMicroelectronics X-CUBE-AI 8.1.0
2024-02-28 18:35:08,262 [INFO] ThirdParty:1030 - CMSIS Pack Vendor :STMicroelectronics STM32_WPAN 1.0.0
2024-02-28 18:35:08,263 [INFO] ThirdParty:1030 - CMSIS Pack Vendor :STMicroelectronics ThreadX 0.0.2
2024-02-28 18:35:08,263 [INFO] ThirdParty:1030 - CMSIS Pack Vendor :STMicroelectronics FP-ATR-ASTRA1 2.0.0
2024-02-28 18:35:08,263 [INFO] ThirdParty:1030 - CMSIS Pack Vendor :STMicroelectronics lwIP 2.0.3
2024-02-28 18:35:08,263 [INFO] ThirdParty:1030 - CMSIS Pack Vendor :STMicroelectronics lwIP 2.1.2
2024-02-28 18:35:08,263 [INFO] ThirdParty:1030 - CMSIS Pack Vendor :STMicroelectronics FP-SNS-FLIGHT1 5.0.2
2024-02-28 18:35:08,263 [INFO] ThirdParty:1030 - CMSIS Pack Vendor :STMicroelectronics X-CUBE-BLE2 3.3.0
2024-02-28 18:35:08,263 [INFO] ThirdParty:1030 - CMSIS Pack Vendor :STMicroelectronics USB_HOST 1.0.0
2024-02-28 18:35:08,263 [INFO] ThirdParty:1030 - CMSIS Pack Vendor :STMicroelectronics PDM2PCM 3.1.0
2024-02-28 18:35:08,263 [INFO] ThirdParty:1030 - CMSIS Pack Vendor :STMicroelectronics PDM2PCM 3.2.0
2024-02-28 18:35:08,263 [INFO] ThirdParty:1030 - CMSIS Pack Vendor :STMicroelectronics X-CUBE-BLEMGR 3.0.0
2024-02-28 18:35:08,263 [INFO] ThirdParty:1030 - CMSIS Pack Vendor :STMicroelectronics PDM2PCM 3.3.0
2024-02-28 18:35:08,263 [INFO] ThirdParty:841 - exiting critical section [change project]
2024-02-28 18:35:08,770 [INFO] PinOutPanel:1499 - setPackage(No Configuration,No Configuration)
2024-02-28 18:35:08,772 [INFO] PinOutPanel:1499 - setPackage(STM32F767ZITx,LQFP144)
2024-02-28 18:35:09,621 [INFO] UtilMem:75 - Before build in PCC Used Memory: 932598488 Bytes (1073741824)
2024-02-28 18:35:10,620 [INFO] UtilMem:75 - After build in PCC Used Memory: 826795432 Bytes (1073741824)
2024-02-28 18:35:10,673 [INFO] IPUIPlugin:80 - create IPUIPlugin
2024-02-28 18:35:10,673 [INFO] IPUIPlugin:80 - create IPUIPlugin
2024-02-28 18:35:10,673 [INFO] IPUIPlugin:80 - create IPUIPlugin
2024-02-28 18:35:10,674 [INFO] IPUIPlugin:80 - create IPUIPlugin
2024-02-28 18:35:10,674 [INFO] IPUIPlugin:80 - create IPUIPlugin
2024-02-28 18:35:10,674 [INFO] IPUIPlugin:80 - create IPUIPlugin
2024-02-28 18:35:10,674 [INFO] IPUIPlugin:80 - create IPUIPlugin
2024-02-28 18:35:10,674 [INFO] IPUIPlugin:80 - create IPUIPlugin
2024-02-28 18:35:10,674 [INFO] IPUIPlugin:80 - create IPUIPlugin
2024-02-28 18:35:10,675 [INFO] IPUIPlugin:80 - create IPUIPlugin
2024-02-28 18:35:10,675 [INFO] IPUIPlugin:80 - create IPUIPlugin
2024-02-28 18:35:10,675 [INFO] IPUIPlugin:80 - create IPUIPlugin
2024-02-28 18:35:10,675 [INFO] IPUIPlugin:80 - create IPUIPlugin
2024-02-28 18:35:10,675 [INFO] IPUIPlugin:80 - create IPUIPlugin
2024-02-28 18:35:10,676 [INFO] IPUIPlugin:80 - create IPUIPlugin
2024-02-28 18:35:10,676 [INFO] IPUIPlugin:80 - create IPUIPlugin
2024-02-28 18:35:10,676 [INFO] IPUIPlugin:80 - create IPUIPlugin
2024-02-28 18:35:10,676 [INFO] IPUIPlugin:80 - create IPUIPlugin
2024-02-28 18:35:10,676 [INFO] IPUIPlugin:80 - create IPUIPlugin
2024-02-28 18:35:10,677 [INFO] IPUIPlugin:80 - create IPUIPlugin
2024-02-28 18:35:10,677 [INFO] IPUIPlugin:80 - create IPUIPlugin
2024-02-28 18:35:10,677 [INFO] IPUIPlugin:80 - create IPUIPlugin
2024-02-28 18:35:10,677 [INFO] IPUIPlugin:80 - create IPUIPlugin
2024-02-28 18:35:10,677 [INFO] IPUIPlugin:80 - create IPUIPlugin
2024-02-28 18:35:10,677 [INFO] IPUIPlugin:80 - create IPUIPlugin
2024-02-28 18:35:10,678 [INFO] IPUIPlugin:80 - create IPUIPlugin
2024-02-28 18:35:10,678 [INFO] IPUIPlugin:80 - create IPUIPlugin
2024-02-28 18:35:10,678 [INFO] IPUIPlugin:80 - create IPUIPlugin
2024-02-28 18:35:10,679 [INFO] IPUIPlugin:80 - create IPUIPlugin
2024-02-28 18:35:10,679 [INFO] IPUIPlugin:80 - create IPUIPlugin
2024-02-28 18:35:10,679 [INFO] IPUIPlugin:80 - create IPUIPlugin
2024-02-28 18:35:10,680 [INFO] IPUIPlugin:80 - create IPUIPlugin
2024-02-28 18:35:10,680 [INFO] IPUIPlugin:80 - create IPUIPlugin
2024-02-28 18:35:10,680 [INFO] IPUIPlugin:80 - create IPUIPlugin
2024-02-28 18:35:10,681 [INFO] IPUIPlugin:80 - create IPUIPlugin
2024-02-28 18:35:10,681 [INFO] IPUIPlugin:80 - create IPUIPlugin
2024-02-28 18:35:10,681 [INFO] IPUIPlugin:80 - create IPUIPlugin
2024-02-28 18:35:10,682 [INFO] IPUIPlugin:80 - create IPUIPlugin
2024-02-28 18:35:10,682 [INFO] IPUIPlugin:80 - create IPUIPlugin
2024-02-28 18:35:10,683 [INFO] IPUIPlugin:80 - create IPUIPlugin
2024-02-28 18:35:10,683 [INFO] IPUIPlugin:80 - create IPUIPlugin
2024-02-28 18:35:10,683 [INFO] IPUIPlugin:80 - create IPUIPlugin
2024-02-28 18:35:10,684 [INFO] IPUIPlugin:80 - create IPUIPlugin
2024-02-28 18:35:10,684 [INFO] IPUIPlugin:80 - create IPUIPlugin
2024-02-28 18:35:10,684 [INFO] IPUIPlugin:80 - create IPUIPlugin
2024-02-28 18:35:10,685 [INFO] IPUIPlugin:80 - create IPUIPlugin
2024-02-28 18:35:10,685 [INFO] IPUIPlugin:80 - create IPUIPlugin
2024-02-28 18:35:10,685 [INFO] IPUIPlugin:80 - create IPUIPlugin
2024-02-28 18:35:10,686 [INFO] IPUIPlugin:80 - create IPUIPlugin
2024-02-28 18:35:10,686 [INFO] IPUIPlugin:80 - create IPUIPlugin
2024-02-28 18:35:10,686 [INFO] IPUIPlugin:80 - create IPUIPlugin
2024-02-28 18:35:10,687 [INFO] IPUIPlugin:80 - create IPUIPlugin
2024-02-28 18:35:10,687 [INFO] IPUIPlugin:80 - create IPUIPlugin
2024-02-28 18:35:10,687 [INFO] IPUIPlugin:80 - create IPUIPlugin
2024-02-28 18:35:10,688 [INFO] IPUIPlugin:80 - create IPUIPlugin
2024-02-28 18:35:10,688 [INFO] IPUIPlugin:80 - create IPUIPlugin
2024-02-28 18:35:10,688 [INFO] IPUIPlugin:80 - create IPUIPlugin
2024-02-28 18:35:10,689 [INFO] IPUIPlugin:80 - create IPUIPlugin
2024-02-28 18:35:10,689 [INFO] IPUIPlugin:80 - create IPUIPlugin
2024-02-28 18:35:10,689 [INFO] IPUIPlugin:80 - create IPUIPlugin
2024-02-28 18:35:10,690 [INFO] IPUIPlugin:80 - create IPUIPlugin
2024-02-28 18:35:10,690 [INFO] IPUIPlugin:80 - create IPUIPlugin
2024-02-28 18:35:10,690 [INFO] IPUIPlugin:80 - create IPUIPlugin
2024-02-28 18:35:10,691 [INFO] IPUIPlugin:80 - create IPUIPlugin
2024-02-28 18:35:10,691 [INFO] IPUIPlugin:80 - create IPUIPlugin
2024-02-28 18:35:10,691 [INFO] IPUIPlugin:80 - create IPUIPlugin
2024-02-28 18:35:10,691 [INFO] IPUIPlugin:80 - create IPUIPlugin
2024-02-28 18:35:10,692 [INFO] IPUIPlugin:80 - create IPUIPlugin
2024-02-28 18:35:10,692 [INFO] IPUIPlugin:80 - create IPUIPlugin
2024-02-28 18:35:10,692 [INFO] IPUIPlugin:80 - create IPUIPlugin
2024-02-28 18:35:10,693 [INFO] IPUIPlugin:80 - create IPUIPlugin
2024-02-28 18:35:10,693 [INFO] IPUIPlugin:80 - create IPUIPlugin
2024-02-28 18:35:10,693 [INFO] IPUIPlugin:80 - create IPUIPlugin
2024-02-28 18:35:10,694 [INFO] IPUIPlugin:80 - create IPUIPlugin
2024-02-28 18:35:10,694 [INFO] IPUIPlugin:80 - create IPUIPlugin
2024-02-28 18:35:10,694 [INFO] IPUIPlugin:80 - create IPUIPlugin
2024-02-28 18:35:10,695 [INFO] IPUIPlugin:80 - create IPUIPlugin
2024-02-28 18:35:10,695 [INFO] IPUIPlugin:80 - create IPUIPlugin
2024-02-28 18:35:10,695 [INFO] IPUIPlugin:80 - create IPUIPlugin
2024-02-28 18:35:10,842 [INFO] ApiDbMcu:508 - Load IP Config File for PDM2PCM
2024-02-28 18:35:11,106 [INFO] CADModel:165 - CPN selected for project levelSTM32F767ZIT6
2024-02-28 18:35:11,106 [INFO] CADModel:114 - Register for checkConnection events
2024-02-28 18:35:11,159 [INFO] OpenFileManager:343 - Restore cursor
2024-02-28 18:35:11,975 [INFO] UtilMem:75 - End SaveConfig() Used Memory: 865064272 Bytes (1073741824)
2024-02-28 18:35:12,219 [INFO] UtilMem:75 - End SaveConfig() Used Memory: 893895416 Bytes (1073741824)
2024-02-28 18:35:12,754 [INFO] BlockDiagram:2759 - set Specific Code input for plugin: SYS
2024-02-28 18:35:12,754 [INFO] BlockDiagram:2759 - set Specific Code input for plugin: RCC
2024-02-28 18:35:12,755 [INFO] BlockDiagram:2759 - set Specific Code input for plugin: USB_OTG_FS
2024-02-28 18:35:12,755 [INFO] BlockDiagram:2759 - set Specific Code input for plugin: NVIC
2024-02-28 18:35:12,755 [INFO] BlockDiagram:2759 - set Specific Code input for plugin: USART
2024-02-28 18:35:12,756 [INFO] BlockDiagram:2759 - set Specific Code input for plugin: GPIO
2024-02-28 18:35:12,757 [INFO] BlockDiagram:2759 - set Specific Code input for plugin: ETH
2024-02-28 18:35:12,759 [INFO] CodeGenerator:807 - code generatio: config db path: C:\ST\STM32CubeIDE_1.14.1\STM32CubeIDE\plugins\com.st.stm32cube.common.mx_6.10.0.202311202037\\db\
2024-02-28 18:35:13,136 [INFO] CodeEngine:255 - oldGeneratedFile, C:\Users\a4211\IoT-project\Client\DoorLock\door_lock\MXTmpFiles\license.tmp_save
2024-02-28 18:35:13,575 [INFO] CodeEngine:279 - Generated code: C:\Users\a4211\IoT-project\Client\DoorLock\door_lock\MXTmpFiles\license.tmp
2024-02-28 18:35:13,831 [INFO] CodeEngine:255 - oldGeneratedFile, C:\Users\a4211\IoT-project\Client\DoorLock\door_lock\MXTmpFiles\gpio.tmp_save
2024-02-28 18:35:13,996 [INFO] CodeEngine:279 - Generated code: C:\Users\a4211\IoT-project\Client\DoorLock\door_lock\MXTmpFiles\gpio.tmp
2024-02-28 18:35:14,562 [WARN] IPConfigManager:2946 - Warning: the RefConfig PWREx_EnableUSBVoltageDetector is not available in your config.xml file
2024-02-28 18:35:14,589 [INFO] CodeEngine:255 - oldGeneratedFile, C:\Users\a4211\IoT-project\Client\DoorLock\door_lock\MXTmpFiles\cortex.tmp_save
2024-02-28 18:35:14,708 [INFO] CodeEngine:279 - Generated code: C:\Users\a4211\IoT-project\Client\DoorLock\door_lock\MXTmpFiles\cortex.tmp
2024-02-28 18:35:14,747 [INFO] CodeEngine:255 - oldGeneratedFile, C:\Users\a4211\IoT-project\Client\DoorLock\door_lock\Core\Src\stm32f7xx_it.c_save
2024-02-28 18:35:14,935 [INFO] CodeEngine:279 - Generated code: C:\Users\a4211\IoT-project\Client\DoorLock\door_lock\Core\Src\stm32f7xx_it.c
2024-02-28 18:35:14,949 [INFO] CodeEngine:255 - oldGeneratedFile, C:\Users\a4211\IoT-project\Client\DoorLock\door_lock\Core\Inc\stm32f7xx_it.h_save
2024-02-28 18:35:15,110 [INFO] CodeEngine:279 - Generated code: C:\Users\a4211\IoT-project\Client\DoorLock\door_lock\Core\Inc\stm32f7xx_it.h
2024-02-28 18:35:15,139 [INFO] CodeEngine:255 - oldGeneratedFile, C:\Users\a4211\IoT-project\Client\DoorLock\door_lock\Core\Src\stm32f7xx_hal_msp.c_save
2024-02-28 18:35:15,328 [INFO] CodeEngine:279 - Generated code: C:\Users\a4211\IoT-project\Client\DoorLock\door_lock\Core\Src\stm32f7xx_hal_msp.c
2024-02-28 18:35:15,350 [INFO] CodeEngine:255 - oldGeneratedFile, C:\Users\a4211\IoT-project\Client\DoorLock\door_lock\MXTmpFiles\system.tmp_save
2024-02-28 18:35:15,420 [INFO] CodeEngine:279 - Generated code: C:\Users\a4211\IoT-project\Client\DoorLock\door_lock\MXTmpFiles\system.tmp
2024-02-28 18:35:15,443 [INFO] CodeEngine:311 - oldGeneratedFile, C:\Users\a4211\IoT-project\Client\DoorLock\door_lock\Core\Inc\stm32f7xx_hal_conf.h_save
2024-02-28 18:35:15,537 [INFO] CodeEngine:335 - Generated code: C:\Users\a4211\IoT-project\Client\DoorLock\door_lock\Core\Inc\stm32f7xx_hal_conf.h
2024-02-28 18:35:15,580 [WARN] IPConfigManager:3440 - IP not found : USB_OTG
2024-02-28 18:35:15,582 [WARN] CodeGenerator:3939 - IP not found : null
2024-02-28 18:35:15,596 [INFO] CodeEngine:255 - oldGeneratedFile, C:\Users\a4211\IoT-project\Client\DoorLock\door_lock\Core\Inc\main.h_save
2024-02-28 18:35:15,690 [INFO] CodeEngine:279 - Generated code: C:\Users\a4211\IoT-project\Client\DoorLock\door_lock\Core\Inc\main.h
2024-02-28 18:35:15,704 [INFO] CodeEngine:255 - oldGeneratedFile, C:\Users\a4211\IoT-project\Client\DoorLock\door_lock\Core\Src\main.c_save
2024-02-28 18:35:15,873 [INFO] CodeEngine:279 - Generated code: C:\Users\a4211\IoT-project\Client\DoorLock\door_lock\Core\Src\main.c
2024-02-28 18:35:16,709 [INFO] ProjectBuilder:3076 - Time for Copy HAL[1] : 277mS.
2024-02-28 18:35:16,718 [INFO] ProjectBuilder:4485 - Project Generator version: 4.2.0-B44
2024-02-28 18:35:17,018 [INFO] ConfigFileManager:1495 - The Die is : DIE451
2024-02-28 18:35:17,035 [INFO] ApiDbMcu:508 - Load IP Config File for FATFS
2024-02-28 18:35:17,041 [INFO] ApiDbMcu:508 - Load IP Config File for FREERTOS
2024-02-28 18:35:17,044 [INFO] ApiDbMcu:508 - Load IP Config File for LIBJPEG
2024-02-28 18:35:17,051 [INFO] ApiDbMcu:508 - Load IP Config File for LWIP
2024-02-28 18:35:17,066 [INFO] ApiDbMcu:508 - Load IP Config File for MBEDTLS
2024-02-28 18:35:17,078 [INFO] ApiDbMcu:508 - Load IP Config File for USB_DEVICE
2024-02-28 18:35:17,083 [INFO] ApiDbMcu:508 - Load IP Config File for USB_HOST
2024-02-28 18:35:18,026 [INFO] LogOutputStream:77 - [STDOUT_REDIRECT] 
2024-02-28 18:35:21,020 [INFO] ProjectBuilder:4747 - Time for Generating toolchain IDE Files: 4301mS.
2024-02-28 18:35:21,021 [INFO] ProjectBuilder:2947 - Time for Copy CMSIS : 1mS.
2024-02-28 18:35:21,027 [INFO] ProjectBuilder:2947 - Time for Copy CMSIS : 0mS.
2024-02-28 18:35:22,096 [INFO] McuFinderGlobals:76 - Set McuFinderConnectedMode to true
2024-02-28 18:35:22,105 [INFO] ApiDb:448 - Save user favorites file C:\Users\a4211/.stm32cubeide/favorites.mcus.txt: 0 item(s)
2024-02-28 18:35:22,105 [INFO] ApiDb:452 - User favorites MCUs=[]
2024-02-28 18:35:22,108 [INFO] ApiDb:448 - Save user favorites file C:\Users\a4211/.stm32cubeide/favorites.boards.txt: 0 item(s)
2024-02-28 18:35:22,108 [INFO] ApiDb:452 - User favorites Boards=[]
2024-02-28 18:36:46,037 [ERROR] LogOutputStream:75 - [STDERR_REDIRECT] 
